{"D:\\Kuliah\\Semester 5\\WEBPRO\\Tubes - API\\carbonquest-api\\src\\app.ts": {"path":"D:\\Kuliah\\Semester 5\\WEBPRO\\Tubes - API\\carbonquest-api\\src\\app.ts","statementMap":{"0":{"start":{"line":18,"column":25},"end":{"line":80,"column":1}},"1":{"start":{"line":19,"column":14},"end":{"line":19,"column":23}},"2":{"start":{"line":21,"column":2},"end":{"line":21,"column":28}},"3":{"start":{"line":23,"column":2},"end":{"line":23,"column":19}},"4":{"start":{"line":24,"column":2},"end":{"line":24,"column":18}},"5":{"start":{"line":25,"column":2},"end":{"line":25,"column":26}},"6":{"start":{"line":50,"column":2},"end":{"line":55,"column":5}},"7":{"start":{"line":51,"column":4},"end":{"line":54,"column":7}},"8":{"start":{"line":57,"column":2},"end":{"line":64,"column":4}},"9":{"start":{"line":66,"column":2},"end":{"line":66,"column":44}},"10":{"start":{"line":67,"column":2},"end":{"line":67,"column":32}},"11":{"start":{"line":68,"column":2},"end":{"line":68,"column":32}},"12":{"start":{"line":69,"column":2},"end":{"line":69,"column":48}},"13":{"start":{"line":70,"column":2},"end":{"line":70,"column":38}},"14":{"start":{"line":71,"column":2},"end":{"line":71,"column":47}},"15":{"start":{"line":72,"column":2},"end":{"line":72,"column":34}},"16":{"start":{"line":73,"column":2},"end":{"line":73,"column":32}},"17":{"start":{"line":74,"column":2},"end":{"line":74,"column":36}},"18":{"start":{"line":75,"column":2},"end":{"line":75,"column":38}},"19":{"start":{"line":77,"column":2},"end":{"line":77,"column":24}},"20":{"start":{"line":79,"column":2},"end":{"line":79,"column":13}}},"fnMap":{"0":{"name":"(anonymous_0)","decl":{"start":{"line":18,"column":25},"end":{"line":18,"column":41}},"loc":{"start":{"line":18,"column":43},"end":{"line":80,"column":1}}},"1":{"name":"(anonymous_1)","decl":{"start":{"line":50,"column":15},"end":{"line":50,"column":16}},"loc":{"start":{"line":50,"column":48},"end":{"line":55,"column":3}}}},"branchMap":{},"s":{"0":1,"1":2,"2":2,"3":2,"4":2,"5":2,"6":2,"7":1,"8":2,"9":2,"10":2,"11":2,"12":2,"13":2,"14":2,"15":2,"16":2,"17":2,"18":2,"19":2,"20":2},"f":{"0":2,"1":1},"b":{}}
,"D:\\Kuliah\\Semester 5\\WEBPRO\\Tubes - API\\carbonquest-api\\src\\__tests__\\test-helpers.ts": {"path":"D:\\Kuliah\\Semester 5\\WEBPRO\\Tubes - API\\carbonquest-api\\src\\__tests__\\test-helpers.ts","statementMap":{"0":{"start":{"line":3,"column":34},"end":{"line":8,"column":1}},"1":{"start":{"line":4,"column":14},"end":{"line":4,"column":28}},"2":{"start":{"line":5,"column":2},"end":{"line":5,"column":46}},"3":{"start":{"line":6,"column":2},"end":{"line":6,"column":44}},"4":{"start":{"line":7,"column":2},"end":{"line":7,"column":13}},"5":{"start":{"line":10,"column":30},"end":{"line":12,"column":1}},"6":{"start":{"line":11,"column":2},"end":{"line":11,"column":19}}},"fnMap":{"0":{"name":"(anonymous_0)","decl":{"start":{"line":3,"column":34},"end":{"line":3,"column":37}},"loc":{"start":{"line":3,"column":39},"end":{"line":8,"column":1}}},"1":{"name":"(anonymous_1)","decl":{"start":{"line":10,"column":30},"end":{"line":10,"column":47}},"loc":{"start":{"line":10,"column":49},"end":{"line":12,"column":1}}}},"branchMap":{},"s":{"0":10,"1":24,"2":24,"3":24,"4":24,"5":10,"6":24},"f":{"0":24,"1":24},"b":{}}
,"D:\\Kuliah\\Semester 5\\WEBPRO\\Tubes - API\\carbonquest-api\\src\\config\\swagger.ts": {"path":"D:\\Kuliah\\Semester 5\\WEBPRO\\Tubes - API\\carbonquest-api\\src\\config\\swagger.ts","statementMap":{"0":{"start":{"line":3,"column":38},"end":{"line":319,"column":2}},"1":{"start":{"line":320,"column":27},"end":{"line":320,"column":48}}},"fnMap":{},"branchMap":{},"s":{"0":1,"1":1},"f":{},"b":{}}
,"D:\\Kuliah\\Semester 5\\WEBPRO\\Tubes - API\\carbonquest-api\\src\\controllers\\article.controller.ts": {"path":"D:\\Kuliah\\Semester 5\\WEBPRO\\Tubes - API\\carbonquest-api\\src\\controllers\\article.controller.ts","statementMap":{"0":{"start":{"line":15,"column":4},"end":{"line":15,"column":40}},"1":{"start":{"line":18,"column":25},"end":{"line":43,"column":3}},"2":{"start":{"line":23,"column":4},"end":{"line":42,"column":5}},"3":{"start":{"line":24,"column":37},"end":{"line":36,"column":8}},"4":{"start":{"line":38,"column":22},"end":{"line":38,"column":74}},"5":{"start":{"line":39,"column":6},"end":{"line":39,"column":73}},"6":{"start":{"line":41,"column":6},"end":{"line":41,"column":16}},"7":{"start":{"line":45,"column":26},"end":{"line":56,"column":3}},"8":{"start":{"line":50,"column":4},"end":{"line":55,"column":5}},"9":{"start":{"line":51,"column":23},"end":{"line":51,"column":58}},"10":{"start":{"line":52,"column":6},"end":{"line":52,"column":77}},"11":{"start":{"line":54,"column":6},"end":{"line":54,"column":16}},"12":{"start":{"line":58,"column":26},"end":{"line":70,"column":3}},"13":{"start":{"line":63,"column":4},"end":{"line":69,"column":5}},"14":{"start":{"line":64,"column":17},"end":{"line":64,"column":39}},"15":{"start":{"line":65,"column":22},"end":{"line":65,"column":59}},"16":{"start":{"line":66,"column":6},"end":{"line":66,"column":75}},"17":{"start":{"line":68,"column":6},"end":{"line":68,"column":16}},"18":{"start":{"line":72,"column":25},"end":{"line":98,"column":3}},"19":{"start":{"line":77,"column":4},"end":{"line":97,"column":5}},"20":{"start":{"line":78,"column":17},"end":{"line":78,"column":39}},"21":{"start":{"line":79,"column":19},"end":{"line":91,"column":8}},"22":{"start":{"line":93,"column":22},"end":{"line":93,"column":64}},"23":{"start":{"line":94,"column":6},"end":{"line":94,"column":73}},"24":{"start":{"line":96,"column":6},"end":{"line":96,"column":16}},"25":{"start":{"line":100,"column":25},"end":{"line":112,"column":3}},"26":{"start":{"line":105,"column":4},"end":{"line":111,"column":5}},"27":{"start":{"line":106,"column":17},"end":{"line":106,"column":39}},"28":{"start":{"line":107,"column":6},"end":{"line":107,"column":43}},"29":{"start":{"line":108,"column":6},"end":{"line":108,"column":70}},"30":{"start":{"line":110,"column":6},"end":{"line":110,"column":16}}},"fnMap":{"0":{"name":"(anonymous_0)","decl":{"start":{"line":14,"column":2},"end":{"line":14,"column":null}},"loc":{"start":{"line":14,"column":2},"end":{"line":16,"column":3}}},"1":{"name":"(anonymous_1)","decl":{"start":{"line":18,"column":25},"end":{"line":18,"column":30}},"loc":{"start":{"line":22,"column":21},"end":{"line":43,"column":3}}},"2":{"name":"(anonymous_2)","decl":{"start":{"line":45,"column":26},"end":{"line":45,"column":31}},"loc":{"start":{"line":49,"column":21},"end":{"line":56,"column":3}}},"3":{"name":"(anonymous_3)","decl":{"start":{"line":58,"column":26},"end":{"line":58,"column":31}},"loc":{"start":{"line":62,"column":21},"end":{"line":70,"column":3}}},"4":{"name":"(anonymous_4)","decl":{"start":{"line":72,"column":25},"end":{"line":72,"column":30}},"loc":{"start":{"line":76,"column":21},"end":{"line":98,"column":3}}},"5":{"name":"(anonymous_5)","decl":{"start":{"line":100,"column":25},"end":{"line":100,"column":30}},"loc":{"start":{"line":104,"column":21},"end":{"line":112,"column":3}}}},"branchMap":{"0":{"loc":{"start":{"line":35,"column":21},"end":{"line":35,"column":76}},"type":"cond-expr","locations":[{"start":{"line":35,"column":32},"end":{"line":35,"column":64}},{"start":{"line":35,"column":67},"end":{"line":35,"column":76}}]},"1":{"loc":{"start":{"line":90,"column":21},"end":{"line":90,"column":76}},"type":"cond-expr","locations":[{"start":{"line":90,"column":32},"end":{"line":90,"column":64}},{"start":{"line":90,"column":67},"end":{"line":90,"column":76}}]}},"s":{"0":4,"1":4,"2":1,"3":1,"4":1,"5":1,"6":0,"7":4,"8":1,"9":1,"10":1,"11":0,"12":4,"13":0,"14":0,"15":0,"16":0,"17":0,"18":4,"19":0,"20":0,"21":0,"22":0,"23":0,"24":0,"25":4,"26":1,"27":1,"28":1,"29":0,"30":1},"f":{"0":4,"1":1,"2":1,"3":0,"4":0,"5":1},"b":{"0":[1,0],"1":[0,0]}}
,"D:\\Kuliah\\Semester 5\\WEBPRO\\Tubes - API\\carbonquest-api\\src\\controllers\\auth.controller.ts": {"path":"D:\\Kuliah\\Semester 5\\WEBPRO\\Tubes - API\\carbonquest-api\\src\\controllers\\auth.controller.ts","statementMap":{"0":{"start":{"line":14,"column":4},"end":{"line":14,"column":37}},"1":{"start":{"line":17,"column":24},"end":{"line":29,"column":3}},"2":{"start":{"line":22,"column":4},"end":{"line":28,"column":5}},"3":{"start":{"line":23,"column":34},"end":{"line":23,"column":42}},"4":{"start":{"line":24,"column":21},"end":{"line":24,"column":58}},"5":{"start":{"line":25,"column":6},"end":{"line":25,"column":72}},"6":{"start":{"line":27,"column":6},"end":{"line":27,"column":16}},"7":{"start":{"line":31,"column":21},"end":{"line":43,"column":3}},"8":{"start":{"line":36,"column":4},"end":{"line":42,"column":5}},"9":{"start":{"line":37,"column":29},"end":{"line":37,"column":37}},"10":{"start":{"line":38,"column":21},"end":{"line":38,"column":55}},"11":{"start":{"line":39,"column":6},"end":{"line":39,"column":71}},"12":{"start":{"line":41,"column":6},"end":{"line":41,"column":16}},"13":{"start":{"line":45,"column":32},"end":{"line":57,"column":3}},"14":{"start":{"line":50,"column":4},"end":{"line":56,"column":5}},"15":{"start":{"line":51,"column":42},"end":{"line":51,"column":50}},"16":{"start":{"line":52,"column":21},"end":{"line":52,"column":66}},"17":{"start":{"line":53,"column":6},"end":{"line":53,"column":80}},"18":{"start":{"line":55,"column":6},"end":{"line":55,"column":16}},"19":{"start":{"line":59,"column":29},"end":{"line":71,"column":3}},"20":{"start":{"line":64,"column":4},"end":{"line":70,"column":5}},"21":{"start":{"line":65,"column":29},"end":{"line":65,"column":37}},"22":{"start":{"line":66,"column":21},"end":{"line":66,"column":63}},"23":{"start":{"line":67,"column":6},"end":{"line":67,"column":79}},"24":{"start":{"line":69,"column":6},"end":{"line":69,"column":16}}},"fnMap":{"0":{"name":"(anonymous_0)","decl":{"start":{"line":13,"column":2},"end":{"line":13,"column":null}},"loc":{"start":{"line":13,"column":2},"end":{"line":15,"column":3}}},"1":{"name":"(anonymous_1)","decl":{"start":{"line":17,"column":24},"end":{"line":17,"column":29}},"loc":{"start":{"line":21,"column":21},"end":{"line":29,"column":3}}},"2":{"name":"(anonymous_2)","decl":{"start":{"line":31,"column":21},"end":{"line":31,"column":26}},"loc":{"start":{"line":35,"column":21},"end":{"line":43,"column":3}}},"3":{"name":"(anonymous_3)","decl":{"start":{"line":45,"column":32},"end":{"line":45,"column":37}},"loc":{"start":{"line":49,"column":21},"end":{"line":57,"column":3}}},"4":{"name":"(anonymous_4)","decl":{"start":{"line":59,"column":29},"end":{"line":59,"column":34}},"loc":{"start":{"line":63,"column":21},"end":{"line":71,"column":3}}}},"branchMap":{},"s":{"0":3,"1":3,"2":1,"3":1,"4":1,"5":1,"6":0,"7":3,"8":1,"9":1,"10":1,"11":0,"12":1,"13":3,"14":0,"15":0,"16":0,"17":0,"18":0,"19":3,"20":0,"21":0,"22":0,"23":0,"24":0},"f":{"0":3,"1":1,"2":1,"3":0,"4":0},"b":{}}
,"D:\\Kuliah\\Semester 5\\WEBPRO\\Tubes - API\\carbonquest-api\\src\\controllers\\mission.controller.ts": {"path":"D:\\Kuliah\\Semester 5\\WEBPRO\\Tubes - API\\carbonquest-api\\src\\controllers\\mission.controller.ts","statementMap":{"0":{"start":{"line":15,"column":4},"end":{"line":15,"column":40}},"1":{"start":{"line":18,"column":25},"end":{"line":41,"column":3}},"2":{"start":{"line":23,"column":4},"end":{"line":40,"column":5}},"3":{"start":{"line":24,"column":37},"end":{"line":34,"column":8}},"4":{"start":{"line":36,"column":22},"end":{"line":36,"column":74}},"5":{"start":{"line":37,"column":6},"end":{"line":37,"column":73}},"6":{"start":{"line":39,"column":6},"end":{"line":39,"column":16}},"7":{"start":{"line":43,"column":26},"end":{"line":54,"column":3}},"8":{"start":{"line":48,"column":4},"end":{"line":53,"column":5}},"9":{"start":{"line":49,"column":23},"end":{"line":49,"column":58}},"10":{"start":{"line":50,"column":6},"end":{"line":50,"column":77}},"11":{"start":{"line":52,"column":6},"end":{"line":52,"column":16}},"12":{"start":{"line":56,"column":26},"end":{"line":68,"column":3}},"13":{"start":{"line":61,"column":4},"end":{"line":67,"column":5}},"14":{"start":{"line":62,"column":17},"end":{"line":62,"column":39}},"15":{"start":{"line":63,"column":22},"end":{"line":63,"column":59}},"16":{"start":{"line":64,"column":6},"end":{"line":64,"column":75}},"17":{"start":{"line":66,"column":6},"end":{"line":66,"column":16}},"18":{"start":{"line":70,"column":25},"end":{"line":94,"column":3}},"19":{"start":{"line":75,"column":4},"end":{"line":93,"column":5}},"20":{"start":{"line":76,"column":17},"end":{"line":76,"column":39}},"21":{"start":{"line":77,"column":19},"end":{"line":87,"column":8}},"22":{"start":{"line":89,"column":22},"end":{"line":89,"column":64}},"23":{"start":{"line":90,"column":6},"end":{"line":90,"column":73}},"24":{"start":{"line":92,"column":6},"end":{"line":92,"column":16}},"25":{"start":{"line":96,"column":25},"end":{"line":108,"column":3}},"26":{"start":{"line":101,"column":4},"end":{"line":107,"column":5}},"27":{"start":{"line":102,"column":17},"end":{"line":102,"column":39}},"28":{"start":{"line":103,"column":6},"end":{"line":103,"column":43}},"29":{"start":{"line":104,"column":6},"end":{"line":104,"column":70}},"30":{"start":{"line":106,"column":6},"end":{"line":106,"column":16}}},"fnMap":{"0":{"name":"(anonymous_0)","decl":{"start":{"line":14,"column":2},"end":{"line":14,"column":null}},"loc":{"start":{"line":14,"column":2},"end":{"line":16,"column":3}}},"1":{"name":"(anonymous_1)","decl":{"start":{"line":18,"column":25},"end":{"line":18,"column":30}},"loc":{"start":{"line":22,"column":21},"end":{"line":41,"column":3}}},"2":{"name":"(anonymous_2)","decl":{"start":{"line":43,"column":26},"end":{"line":43,"column":31}},"loc":{"start":{"line":47,"column":21},"end":{"line":54,"column":3}}},"3":{"name":"(anonymous_3)","decl":{"start":{"line":56,"column":26},"end":{"line":56,"column":31}},"loc":{"start":{"line":60,"column":21},"end":{"line":68,"column":3}}},"4":{"name":"(anonymous_4)","decl":{"start":{"line":70,"column":25},"end":{"line":70,"column":30}},"loc":{"start":{"line":74,"column":21},"end":{"line":94,"column":3}}},"5":{"name":"(anonymous_5)","decl":{"start":{"line":96,"column":25},"end":{"line":96,"column":30}},"loc":{"start":{"line":100,"column":21},"end":{"line":108,"column":3}}}},"branchMap":{"0":{"loc":{"start":{"line":27,"column":14},"end":{"line":27,"column":51}},"type":"binary-expr","locations":[{"start":{"line":27,"column":14},"end":{"line":27,"column":27}},{"start":{"line":27,"column":31},"end":{"line":27,"column":51}}]},"1":{"loc":{"start":{"line":31,"column":16},"end":{"line":31,"column":71}},"type":"cond-expr","locations":[{"start":{"line":31,"column":34},"end":{"line":31,"column":59}},{"start":{"line":31,"column":62},"end":{"line":31,"column":71}}]},"2":{"loc":{"start":{"line":33,"column":21},"end":{"line":33,"column":76}},"type":"cond-expr","locations":[{"start":{"line":33,"column":32},"end":{"line":33,"column":64}},{"start":{"line":33,"column":67},"end":{"line":33,"column":76}}]},"3":{"loc":{"start":{"line":80,"column":14},"end":{"line":80,"column":51}},"type":"binary-expr","locations":[{"start":{"line":80,"column":14},"end":{"line":80,"column":27}},{"start":{"line":80,"column":31},"end":{"line":80,"column":51}}]},"4":{"loc":{"start":{"line":84,"column":16},"end":{"line":84,"column":71}},"type":"cond-expr","locations":[{"start":{"line":84,"column":34},"end":{"line":84,"column":59}},{"start":{"line":84,"column":62},"end":{"line":84,"column":71}}]},"5":{"loc":{"start":{"line":86,"column":21},"end":{"line":86,"column":76}},"type":"cond-expr","locations":[{"start":{"line":86,"column":32},"end":{"line":86,"column":64}},{"start":{"line":86,"column":67},"end":{"line":86,"column":76}}]}},"s":{"0":3,"1":3,"2":1,"3":1,"4":1,"5":1,"6":0,"7":3,"8":0,"9":0,"10":0,"11":0,"12":3,"13":1,"14":1,"15":1,"16":0,"17":1,"18":3,"19":0,"20":0,"21":0,"22":0,"23":0,"24":0,"25":3,"26":0,"27":0,"28":0,"29":0,"30":0},"f":{"0":3,"1":1,"2":0,"3":1,"4":0,"5":0},"b":{"0":[1,1],"1":[1,0],"2":[1,0],"3":[0,0],"4":[0,0],"5":[0,0]}}
,"D:\\Kuliah\\Semester 5\\WEBPRO\\Tubes - API\\carbonquest-api\\src\\controllers\\organization.controller.ts": {"path":"D:\\Kuliah\\Semester 5\\WEBPRO\\Tubes - API\\carbonquest-api\\src\\controllers\\organization.controller.ts","statementMap":{"0":{"start":{"line":10,"column":4},"end":{"line":10,"column":45}},"1":{"start":{"line":13,"column":31},"end":{"line":24,"column":3}},"2":{"start":{"line":18,"column":4},"end":{"line":23,"column":5}},"3":{"start":{"line":19,"column":19},"end":{"line":19,"column":59}},"4":{"start":{"line":20,"column":6},"end":{"line":20,"column":78}},"5":{"start":{"line":22,"column":6},"end":{"line":22,"column":16}},"6":{"start":{"line":26,"column":26},"end":{"line":38,"column":3}},"7":{"start":{"line":31,"column":4},"end":{"line":37,"column":5}},"8":{"start":{"line":32,"column":43},"end":{"line":32,"column":51}},"9":{"start":{"line":33,"column":6},"end":{"line":33,"column":80}},"10":{"start":{"line":34,"column":6},"end":{"line":34,"column":71}},"11":{"start":{"line":36,"column":6},"end":{"line":36,"column":16}}},"fnMap":{"0":{"name":"(anonymous_0)","decl":{"start":{"line":9,"column":2},"end":{"line":9,"column":null}},"loc":{"start":{"line":9,"column":2},"end":{"line":11,"column":3}}},"1":{"name":"(anonymous_1)","decl":{"start":{"line":13,"column":31},"end":{"line":13,"column":36}},"loc":{"start":{"line":17,"column":21},"end":{"line":24,"column":3}}},"2":{"name":"(anonymous_2)","decl":{"start":{"line":26,"column":26},"end":{"line":26,"column":31}},"loc":{"start":{"line":30,"column":21},"end":{"line":38,"column":3}}}},"branchMap":{},"s":{"0":3,"1":3,"2":1,"3":1,"4":1,"5":0,"6":3,"7":1,"8":1,"9":1,"10":0,"11":1},"f":{"0":3,"1":1,"2":1},"b":{}}
,"D:\\Kuliah\\Semester 5\\WEBPRO\\Tubes - API\\carbonquest-api\\src\\controllers\\quiz.controller.ts": {"path":"D:\\Kuliah\\Semester 5\\WEBPRO\\Tubes - API\\carbonquest-api\\src\\controllers\\quiz.controller.ts","statementMap":{"0":{"start":{"line":15,"column":4},"end":{"line":15,"column":37}},"1":{"start":{"line":18,"column":22},"end":{"line":30,"column":3}},"2":{"start":{"line":23,"column":4},"end":{"line":29,"column":5}},"3":{"start":{"line":24,"column":34},"end":{"line":24,"column":42}},"4":{"start":{"line":25,"column":19},"end":{"line":25,"column":68}},"5":{"start":{"line":26,"column":6},"end":{"line":26,"column":67}},"6":{"start":{"line":28,"column":6},"end":{"line":28,"column":16}},"7":{"start":{"line":32,"column":25},"end":{"line":43,"column":3}},"8":{"start":{"line":37,"column":4},"end":{"line":42,"column":5}},"9":{"start":{"line":38,"column":22},"end":{"line":38,"column":56}},"10":{"start":{"line":39,"column":6},"end":{"line":39,"column":75}},"11":{"start":{"line":41,"column":6},"end":{"line":41,"column":16}},"12":{"start":{"line":45,"column":23},"end":{"line":57,"column":3}},"13":{"start":{"line":50,"column":4},"end":{"line":56,"column":5}},"14":{"start":{"line":51,"column":17},"end":{"line":51,"column":39}},"15":{"start":{"line":52,"column":19},"end":{"line":52,"column":53}},"16":{"start":{"line":53,"column":6},"end":{"line":53,"column":69}},"17":{"start":{"line":55,"column":6},"end":{"line":55,"column":16}},"18":{"start":{"line":59,"column":22},"end":{"line":71,"column":3}},"19":{"start":{"line":64,"column":4},"end":{"line":70,"column":5}},"20":{"start":{"line":65,"column":17},"end":{"line":65,"column":39}},"21":{"start":{"line":66,"column":19},"end":{"line":66,"column":62}},"22":{"start":{"line":67,"column":6},"end":{"line":67,"column":67}},"23":{"start":{"line":69,"column":6},"end":{"line":69,"column":16}},"24":{"start":{"line":73,"column":22},"end":{"line":85,"column":3}},"25":{"start":{"line":78,"column":4},"end":{"line":84,"column":5}},"26":{"start":{"line":79,"column":17},"end":{"line":79,"column":39}},"27":{"start":{"line":80,"column":6},"end":{"line":80,"column":40}},"28":{"start":{"line":81,"column":6},"end":{"line":81,"column":67}},"29":{"start":{"line":83,"column":6},"end":{"line":83,"column":16}},"30":{"start":{"line":87,"column":24},"end":{"line":99,"column":3}},"31":{"start":{"line":92,"column":4},"end":{"line":98,"column":5}},"32":{"start":{"line":93,"column":40},"end":{"line":93,"column":48}},"33":{"start":{"line":94,"column":21},"end":{"line":94,"column":72}},"34":{"start":{"line":95,"column":6},"end":{"line":95,"column":73}},"35":{"start":{"line":97,"column":6},"end":{"line":97,"column":16}}},"fnMap":{"0":{"name":"(anonymous_0)","decl":{"start":{"line":14,"column":2},"end":{"line":14,"column":null}},"loc":{"start":{"line":14,"column":2},"end":{"line":16,"column":3}}},"1":{"name":"(anonymous_1)","decl":{"start":{"line":18,"column":22},"end":{"line":18,"column":27}},"loc":{"start":{"line":22,"column":21},"end":{"line":30,"column":3}}},"2":{"name":"(anonymous_2)","decl":{"start":{"line":32,"column":25},"end":{"line":32,"column":30}},"loc":{"start":{"line":36,"column":21},"end":{"line":43,"column":3}}},"3":{"name":"(anonymous_3)","decl":{"start":{"line":45,"column":23},"end":{"line":45,"column":28}},"loc":{"start":{"line":49,"column":21},"end":{"line":57,"column":3}}},"4":{"name":"(anonymous_4)","decl":{"start":{"line":59,"column":22},"end":{"line":59,"column":27}},"loc":{"start":{"line":63,"column":21},"end":{"line":71,"column":3}}},"5":{"name":"(anonymous_5)","decl":{"start":{"line":73,"column":22},"end":{"line":73,"column":27}},"loc":{"start":{"line":77,"column":21},"end":{"line":85,"column":3}}},"6":{"name":"(anonymous_6)","decl":{"start":{"line":87,"column":24},"end":{"line":87,"column":29}},"loc":{"start":{"line":91,"column":21},"end":{"line":99,"column":3}}}},"branchMap":{},"s":{"0":3,"1":3,"2":1,"3":1,"4":1,"5":1,"6":0,"7":3,"8":0,"9":0,"10":0,"11":0,"12":3,"13":0,"14":0,"15":0,"16":0,"17":0,"18":3,"19":0,"20":0,"21":0,"22":0,"23":0,"24":3,"25":0,"26":0,"27":0,"28":0,"29":0,"30":3,"31":1,"32":1,"33":1,"34":0,"35":1},"f":{"0":3,"1":1,"2":0,"3":0,"4":0,"5":0,"6":1},"b":{}}
,"D:\\Kuliah\\Semester 5\\WEBPRO\\Tubes - API\\carbonquest-api\\src\\controllers\\session.controller.ts": {"path":"D:\\Kuliah\\Semester 5\\WEBPRO\\Tubes - API\\carbonquest-api\\src\\controllers\\session.controller.ts","statementMap":{"0":{"start":{"line":10,"column":4},"end":{"line":10,"column":40}},"1":{"start":{"line":13,"column":27},"end":{"line":24,"column":3}},"2":{"start":{"line":18,"column":4},"end":{"line":23,"column":5}},"3":{"start":{"line":19,"column":23},"end":{"line":19,"column":71}},"4":{"start":{"line":20,"column":6},"end":{"line":20,"column":77}},"5":{"start":{"line":22,"column":6},"end":{"line":22,"column":16}},"6":{"start":{"line":26,"column":26},"end":{"line":38,"column":3}},"7":{"start":{"line":31,"column":4},"end":{"line":37,"column":5}},"8":{"start":{"line":32,"column":19},"end":{"line":32,"column":62}},"9":{"start":{"line":33,"column":26},"end":{"line":33,"column":87}},"10":{"start":{"line":34,"column":6},"end":{"line":34,"column":92}},"11":{"start":{"line":36,"column":6},"end":{"line":36,"column":16}}},"fnMap":{"0":{"name":"(anonymous_0)","decl":{"start":{"line":9,"column":2},"end":{"line":9,"column":null}},"loc":{"start":{"line":9,"column":2},"end":{"line":11,"column":3}}},"1":{"name":"(anonymous_1)","decl":{"start":{"line":13,"column":27},"end":{"line":13,"column":32}},"loc":{"start":{"line":17,"column":21},"end":{"line":24,"column":3}}},"2":{"name":"(anonymous_2)","decl":{"start":{"line":26,"column":26},"end":{"line":26,"column":31}},"loc":{"start":{"line":30,"column":21},"end":{"line":38,"column":3}}}},"branchMap":{"0":{"loc":{"start":{"line":32,"column":19},"end":{"line":32,"column":62}},"type":"cond-expr","locations":[{"start":{"line":32,"column":36},"end":{"line":32,"column":58}},{"start":{"line":32,"column":61},"end":{"line":32,"column":62}}]}},"s":{"0":3,"1":3,"2":1,"3":1,"4":1,"5":0,"6":3,"7":1,"8":1,"9":1,"10":1,"11":0},"f":{"0":3,"1":1,"2":1},"b":{"0":[0,1]}}
,"D:\\Kuliah\\Semester 5\\WEBPRO\\Tubes - API\\carbonquest-api\\src\\controllers\\user-mission.controller.ts": {"path":"D:\\Kuliah\\Semester 5\\WEBPRO\\Tubes - API\\carbonquest-api\\src\\controllers\\user-mission.controller.ts","statementMap":{"0":{"start":{"line":15,"column":4},"end":{"line":15,"column":44}},"1":{"start":{"line":18,"column":24},"end":{"line":30,"column":3}},"2":{"start":{"line":23,"column":4},"end":{"line":29,"column":5}},"3":{"start":{"line":24,"column":41},"end":{"line":24,"column":49}},"4":{"start":{"line":25,"column":22},"end":{"line":25,"column":73}},"5":{"start":{"line":26,"column":6},"end":{"line":26,"column":73}},"6":{"start":{"line":28,"column":6},"end":{"line":28,"column":16}},"7":{"start":{"line":32,"column":25},"end":{"line":45,"column":3}},"8":{"start":{"line":37,"column":4},"end":{"line":44,"column":5}},"9":{"start":{"line":38,"column":17},"end":{"line":38,"column":39}},"10":{"start":{"line":39,"column":41},"end":{"line":39,"column":49}},"11":{"start":{"line":40,"column":22},"end":{"line":40,"column":64}},"12":{"start":{"line":41,"column":6},"end":{"line":41,"column":73}},"13":{"start":{"line":43,"column":6},"end":{"line":43,"column":16}},"14":{"start":{"line":47,"column":27},"end":{"line":58,"column":3}},"15":{"start":{"line":52,"column":4},"end":{"line":57,"column":5}},"16":{"start":{"line":53,"column":23},"end":{"line":53,"column":71}},"17":{"start":{"line":54,"column":6},"end":{"line":54,"column":82}},"18":{"start":{"line":56,"column":6},"end":{"line":56,"column":16}}},"fnMap":{"0":{"name":"(anonymous_0)","decl":{"start":{"line":14,"column":2},"end":{"line":14,"column":null}},"loc":{"start":{"line":14,"column":2},"end":{"line":16,"column":3}}},"1":{"name":"(anonymous_1)","decl":{"start":{"line":18,"column":24},"end":{"line":18,"column":29}},"loc":{"start":{"line":22,"column":21},"end":{"line":30,"column":3}}},"2":{"name":"(anonymous_2)","decl":{"start":{"line":32,"column":25},"end":{"line":32,"column":30}},"loc":{"start":{"line":36,"column":21},"end":{"line":45,"column":3}}},"3":{"name":"(anonymous_3)","decl":{"start":{"line":47,"column":27},"end":{"line":47,"column":32}},"loc":{"start":{"line":51,"column":21},"end":{"line":58,"column":3}}}},"branchMap":{},"s":{"0":3,"1":3,"2":1,"3":1,"4":1,"5":1,"6":0,"7":3,"8":1,"9":1,"10":1,"11":1,"12":0,"13":1,"14":3,"15":0,"16":0,"17":0,"18":0},"f":{"0":3,"1":1,"2":1,"3":0},"b":{}}
,"D:\\Kuliah\\Semester 5\\WEBPRO\\Tubes - API\\carbonquest-api\\src\\controllers\\user.controller.ts": {"path":"D:\\Kuliah\\Semester 5\\WEBPRO\\Tubes - API\\carbonquest-api\\src\\controllers\\user.controller.ts","statementMap":{"0":{"start":{"line":12,"column":4},"end":{"line":12,"column":37}},"1":{"start":{"line":15,"column":23},"end":{"line":26,"column":3}},"2":{"start":{"line":20,"column":4},"end":{"line":25,"column":5}},"3":{"start":{"line":21,"column":20},"end":{"line":21,"column":52}},"4":{"start":{"line":22,"column":6},"end":{"line":22,"column":71}},"5":{"start":{"line":24,"column":6},"end":{"line":24,"column":16}},"6":{"start":{"line":28,"column":26},"end":{"line":39,"column":3}},"7":{"start":{"line":33,"column":4},"end":{"line":38,"column":5}},"8":{"start":{"line":34,"column":26},"end":{"line":34,"column":61}},"9":{"start":{"line":35,"column":6},"end":{"line":35,"column":83}},"10":{"start":{"line":37,"column":6},"end":{"line":37,"column":16}},"11":{"start":{"line":41,"column":23},"end":{"line":53,"column":3}},"12":{"start":{"line":46,"column":4},"end":{"line":52,"column":5}},"13":{"start":{"line":47,"column":17},"end":{"line":47,"column":39}},"14":{"start":{"line":48,"column":19},"end":{"line":48,"column":53}},"15":{"start":{"line":49,"column":6},"end":{"line":49,"column":69}},"16":{"start":{"line":51,"column":6},"end":{"line":51,"column":16}},"17":{"start":{"line":55,"column":26},"end":{"line":67,"column":3}},"18":{"start":{"line":60,"column":4},"end":{"line":66,"column":5}},"19":{"start":{"line":61,"column":43},"end":{"line":61,"column":51}},"20":{"start":{"line":62,"column":6},"end":{"line":62,"column":80}},"21":{"start":{"line":63,"column":6},"end":{"line":63,"column":71}},"22":{"start":{"line":65,"column":6},"end":{"line":65,"column":16}},"23":{"start":{"line":69,"column":22},"end":{"line":83,"column":3}},"24":{"start":{"line":74,"column":4},"end":{"line":82,"column":5}},"25":{"start":{"line":75,"column":17},"end":{"line":75,"column":39}},"26":{"start":{"line":76,"column":6},"end":{"line":76,"column":74}},"27":{"start":{"line":78,"column":19},"end":{"line":78,"column":62}},"28":{"start":{"line":79,"column":6},"end":{"line":79,"column":67}},"29":{"start":{"line":81,"column":6},"end":{"line":81,"column":16}},"30":{"start":{"line":85,"column":22},"end":{"line":102,"column":3}},"31":{"start":{"line":90,"column":4},"end":{"line":101,"column":5}},"32":{"start":{"line":91,"column":17},"end":{"line":91,"column":39}},"33":{"start":{"line":93,"column":6},"end":{"line":95,"column":7}},"34":{"start":{"line":94,"column":8},"end":{"line":94,"column":76}},"35":{"start":{"line":97,"column":6},"end":{"line":97,"column":40}},"36":{"start":{"line":98,"column":6},"end":{"line":98,"column":67}},"37":{"start":{"line":100,"column":6},"end":{"line":100,"column":16}},"38":{"start":{"line":104,"column":30},"end":{"line":123,"column":3}},"39":{"start":{"line":109,"column":4},"end":{"line":122,"column":5}},"40":{"start":{"line":110,"column":17},"end":{"line":110,"column":39}},"41":{"start":{"line":111,"column":6},"end":{"line":111,"column":80}},"42":{"start":{"line":113,"column":6},"end":{"line":115,"column":7}},"43":{"start":{"line":114,"column":8},"end":{"line":114,"column":52}},"44":{"start":{"line":117,"column":27},"end":{"line":117,"column":59}},"45":{"start":{"line":118,"column":19},"end":{"line":118,"column":74}},"46":{"start":{"line":119,"column":6},"end":{"line":119,"column":77}},"47":{"start":{"line":121,"column":6},"end":{"line":121,"column":16}},"48":{"start":{"line":126,"column":4},"end":{"line":128,"column":5}},"49":{"start":{"line":127,"column":6},"end":{"line":127,"column":56}}},"fnMap":{"0":{"name":"(anonymous_0)","decl":{"start":{"line":11,"column":2},"end":{"line":11,"column":null}},"loc":{"start":{"line":11,"column":2},"end":{"line":13,"column":3}}},"1":{"name":"(anonymous_1)","decl":{"start":{"line":15,"column":23},"end":{"line":15,"column":28}},"loc":{"start":{"line":19,"column":21},"end":{"line":26,"column":3}}},"2":{"name":"(anonymous_2)","decl":{"start":{"line":28,"column":26},"end":{"line":28,"column":31}},"loc":{"start":{"line":32,"column":21},"end":{"line":39,"column":3}}},"3":{"name":"(anonymous_3)","decl":{"start":{"line":41,"column":23},"end":{"line":41,"column":28}},"loc":{"start":{"line":45,"column":21},"end":{"line":53,"column":3}}},"4":{"name":"(anonymous_4)","decl":{"start":{"line":55,"column":26},"end":{"line":55,"column":31}},"loc":{"start":{"line":59,"column":21},"end":{"line":67,"column":3}}},"5":{"name":"(anonymous_5)","decl":{"start":{"line":69,"column":22},"end":{"line":69,"column":27}},"loc":{"start":{"line":73,"column":21},"end":{"line":83,"column":3}}},"6":{"name":"(anonymous_6)","decl":{"start":{"line":85,"column":22},"end":{"line":85,"column":27}},"loc":{"start":{"line":89,"column":21},"end":{"line":102,"column":3}}},"7":{"name":"(anonymous_7)","decl":{"start":{"line":104,"column":30},"end":{"line":104,"column":35}},"loc":{"start":{"line":108,"column":21},"end":{"line":123,"column":3}}},"8":{"name":"(anonymous_8)","decl":{"start":{"line":125,"column":10},"end":{"line":125,"column":27}},"loc":{"start":{"line":125,"column":76},"end":{"line":129,"column":3}}}},"branchMap":{"0":{"loc":{"start":{"line":93,"column":6},"end":{"line":95,"column":7}},"type":"if","locations":[{"start":{"line":93,"column":6},"end":{"line":95,"column":7}}]},"1":{"loc":{"start":{"line":113,"column":6},"end":{"line":115,"column":7}},"type":"if","locations":[{"start":{"line":113,"column":6},"end":{"line":115,"column":7}}]},"2":{"loc":{"start":{"line":126,"column":4},"end":{"line":128,"column":5}},"type":"if","locations":[{"start":{"line":126,"column":4},"end":{"line":128,"column":5}}]}},"s":{"0":4,"1":4,"2":1,"3":1,"4":1,"5":0,"6":4,"7":0,"8":0,"9":0,"10":0,"11":4,"12":0,"13":0,"14":0,"15":0,"16":0,"17":4,"18":0,"19":0,"20":0,"21":0,"22":0,"23":4,"24":1,"25":1,"26":1,"27":0,"28":0,"29":1,"30":4,"31":0,"32":0,"33":0,"34":0,"35":0,"36":0,"37":0,"38":4,"39":1,"40":1,"41":1,"42":1,"43":1,"44":0,"45":0,"46":0,"47":1,"48":2,"49":1},"f":{"0":4,"1":1,"2":0,"3":0,"4":0,"5":1,"6":0,"7":1,"8":2},"b":{"0":[0],"1":[1],"2":[1]}}
,"D:\\Kuliah\\Semester 5\\WEBPRO\\Tubes - API\\carbonquest-api\\src\\middleware\\auth.middleware.ts": {"path":"D:\\Kuliah\\Semester 5\\WEBPRO\\Tubes - API\\carbonquest-api\\src\\middleware\\auth.middleware.ts","statementMap":{"0":{"start":{"line":6,"column":19},"end":{"line":6,"column":71}},"1":{"start":{"line":8,"column":30},"end":{"line":36,"column":1}},"2":{"start":{"line":11,"column":2},"end":{"line":35,"column":4}},"3":{"start":{"line":12,"column":23},"end":{"line":12,"column":48}},"4":{"start":{"line":14,"column":4},"end":{"line":17,"column":5}},"5":{"start":{"line":15,"column":6},"end":{"line":15,"column":53}},"6":{"start":{"line":16,"column":6},"end":{"line":16,"column":13}},"7":{"start":{"line":19,"column":18},"end":{"line":19,"column":42}},"8":{"start":{"line":21,"column":4},"end":{"line":34,"column":5}},"9":{"start":{"line":22,"column":22},"end":{"line":22,"column":76}},"10":{"start":{"line":23,"column":7},"end":{"line":23,"column":51}},"11":{"start":{"line":25,"column":6},"end":{"line":28,"column":7}},"12":{"start":{"line":26,"column":8},"end":{"line":26,"column":49}},"13":{"start":{"line":27,"column":8},"end":{"line":27,"column":15}},"14":{"start":{"line":30,"column":6},"end":{"line":30,"column":13}},"15":{"start":{"line":32,"column":6},"end":{"line":32,"column":54}},"16":{"start":{"line":33,"column":6},"end":{"line":33,"column":13}},"17":{"start":{"line":38,"column":29},"end":{"line":42,"column":1}},"18":{"start":{"line":41,"column":2},"end":{"line":41,"column":60}}},"fnMap":{"0":{"name":"(anonymous_0)","decl":{"start":{"line":8,"column":30},"end":{"line":8,"column":null}},"loc":{"start":{"line":10,"column":20},"end":{"line":36,"column":1}}},"1":{"name":"(anonymous_1)","decl":{"start":{"line":11,"column":9},"end":{"line":11,"column":10}},"loc":{"start":{"line":11,"column":67},"end":{"line":35,"column":3}}},"2":{"name":"(anonymous_2)","decl":{"start":{"line":38,"column":29},"end":{"line":38,"column":null}},"loc":{"start":{"line":40,"column":12},"end":{"line":42,"column":1}}}},"branchMap":{"0":{"loc":{"start":{"line":6,"column":19},"end":{"line":6,"column":71}},"type":"binary-expr","locations":[{"start":{"line":6,"column":19},"end":{"line":6,"column":41}},{"start":{"line":6,"column":45},"end":{"line":6,"column":71}}]},"1":{"loc":{"start":{"line":14,"column":4},"end":{"line":17,"column":5}},"type":"if","locations":[{"start":{"line":14,"column":4},"end":{"line":17,"column":5}}]},"2":{"loc":{"start":{"line":25,"column":6},"end":{"line":28,"column":7}},"type":"if","locations":[{"start":{"line":25,"column":6},"end":{"line":28,"column":7}}]},"3":{"loc":{"start":{"line":25,"column":10},"end":{"line":25,"column":55}},"type":"binary-expr","locations":[{"start":{"line":25,"column":10},"end":{"line":25,"column":22}},{"start":{"line":25,"column":26},"end":{"line":25,"column":55}}]}},"s":{"0":4,"1":4,"2":34,"3":4,"4":4,"5":1,"6":1,"7":3,"8":3,"9":3,"10":2,"11":2,"12":1,"13":1,"14":1,"15":1,"16":1,"17":4,"18":4},"f":{"0":34,"1":4,"2":4},"b":{"0":[4,4],"1":[1],"2":[1],"3":[2,2]}}
,"D:\\Kuliah\\Semester 5\\WEBPRO\\Tubes - API\\carbonquest-api\\src\\middleware\\error.middleware.ts": {"path":"D:\\Kuliah\\Semester 5\\WEBPRO\\Tubes - API\\carbonquest-api\\src\\middleware\\error.middleware.ts","statementMap":{"0":{"start":{"line":13,"column":4},"end":{"line":13,"column":19}},"1":{"start":{"line":14,"column":4},"end":{"line":14,"column":33}},"2":{"start":{"line":15,"column":4},"end":{"line":15,"column":39}},"3":{"start":{"line":16,"column":4},"end":{"line":16,"column":52}},"4":{"start":{"line":20,"column":28},"end":{"line":43,"column":1}},"5":{"start":{"line":26,"column":2},"end":{"line":34,"column":3}},"6":{"start":{"line":27,"column":34},"end":{"line":31,"column":6}},"7":{"start":{"line":32,"column":4},"end":{"line":32,"column":46}},"8":{"start":{"line":33,"column":4},"end":{"line":33,"column":11}},"9":{"start":{"line":36,"column":2},"end":{"line":36,"column":41}},"10":{"start":{"line":37,"column":32},"end":{"line":41,"column":4}},"11":{"start":{"line":42,"column":2},"end":{"line":42,"column":33}}},"fnMap":{"0":{"name":"(anonymous_0)","decl":{"start":{"line":8,"column":2},"end":{"line":8,"column":null}},"loc":{"start":{"line":11,"column":33},"end":{"line":17,"column":3}}},"1":{"name":"(anonymous_1)","decl":{"start":{"line":20,"column":28},"end":{"line":20,"column":null}},"loc":{"start":{"line":25,"column":10},"end":{"line":43,"column":1}}}},"branchMap":{"0":{"loc":{"start":{"line":10,"column":4},"end":{"line":10,"column":28}},"type":"default-arg","locations":[{"start":{"line":10,"column":25},"end":{"line":10,"column":28}}]},"1":{"loc":{"start":{"line":11,"column":4},"end":{"line":11,"column":33}},"type":"default-arg","locations":[{"start":{"line":11,"column":29},"end":{"line":11,"column":33}}]},"2":{"loc":{"start":{"line":26,"column":2},"end":{"line":34,"column":3}},"type":"if","locations":[{"start":{"line":26,"column":2},"end":{"line":34,"column":3}}]},"3":{"loc":{"start":{"line":40,"column":11},"end":{"line":40,"column":75}},"type":"cond-expr","locations":[{"start":{"line":40,"column":52},"end":{"line":40,"column":63}},{"start":{"line":40,"column":66},"end":{"line":40,"column":75}}]}},"s":{"0":16,"1":16,"2":16,"3":16,"4":14,"5":2,"6":1,"7":1,"8":1,"9":1,"10":1,"11":1},"f":{"0":16,"1":2},"b":{"0":[0],"1":[16],"2":[1],"3":[0,1]}}
,"D:\\Kuliah\\Semester 5\\WEBPRO\\Tubes - API\\carbonquest-api\\src\\middleware\\rate-limit.middleware.ts": {"path":"D:\\Kuliah\\Semester 5\\WEBPRO\\Tubes - API\\carbonquest-api\\src\\middleware\\rate-limit.middleware.ts","statementMap":{"0":{"start":{"line":3,"column":23},"end":{"line":12,"column":2}},"1":{"start":{"line":14,"column":27},"end":{"line":23,"column":2}},"2":{"start":{"line":25,"column":29},"end":{"line":34,"column":2}}},"fnMap":{},"branchMap":{},"s":{"0":1,"1":1,"2":1},"f":{},"b":{}}
,"D:\\Kuliah\\Semester 5\\WEBPRO\\Tubes - API\\carbonquest-api\\src\\middleware\\upload.middleware.ts": {"path":"D:\\Kuliah\\Semester 5\\WEBPRO\\Tubes - API\\carbonquest-api\\src\\middleware\\upload.middleware.ts","statementMap":{"0":{"start":{"line":5,"column":18},"end":{"line":5,"column":29}},"1":{"start":{"line":6,"column":0},"end":{"line":8,"column":1}},"2":{"start":{"line":7,"column":2},"end":{"line":7,"column":47}},"3":{"start":{"line":10,"column":16},"end":{"line":18,"column":2}},"4":{"start":{"line":12,"column":4},"end":{"line":12,"column":24}},"5":{"start":{"line":15,"column":25},"end":{"line":15,"column":75}},"6":{"start":{"line":16,"column":4},"end":{"line":16,"column":61}},"7":{"start":{"line":20,"column":27},"end":{"line":26,"column":2}},"8":{"start":{"line":27,"column":27},"end":{"line":27,"column":50}},"9":{"start":{"line":29,"column":19},"end":{"line":40,"column":1}},"10":{"start":{"line":30,"column":24},"end":{"line":30,"column":80}},"11":{"start":{"line":31,"column":18},"end":{"line":33,"column":11}},"12":{"start":{"line":35,"column":2},"end":{"line":37,"column":3}},"13":{"start":{"line":36,"column":4},"end":{"line":36,"column":26}},"14":{"start":{"line":39,"column":2},"end":{"line":39,"column":85}},"15":{"start":{"line":42,"column":22},"end":{"line":48,"column":2}}},"fnMap":{"0":{"name":"(anonymous_0)","decl":{"start":{"line":11,"column":15},"end":{"line":11,"column":16}},"loc":{"start":{"line":11,"column":35},"end":{"line":13,"column":3}}},"1":{"name":"(anonymous_1)","decl":{"start":{"line":14,"column":12},"end":{"line":14,"column":13}},"loc":{"start":{"line":14,"column":31},"end":{"line":17,"column":3}}},"2":{"name":"(anonymous_2)","decl":{"start":{"line":29,"column":19},"end":{"line":29,"column":20}},"loc":{"start":{"line":29,"column":69},"end":{"line":40,"column":1}}}},"branchMap":{"0":{"loc":{"start":{"line":6,"column":0},"end":{"line":8,"column":1}},"type":"if","locations":[{"start":{"line":6,"column":0},"end":{"line":8,"column":1}}]},"1":{"loc":{"start":{"line":31,"column":18},"end":{"line":33,"column":11}},"type":"cond-expr","locations":[{"start":{"line":32,"column":6},"end":{"line":32,"column":76}},{"start":{"line":33,"column":6},"end":{"line":33,"column":11}}]},"2":{"loc":{"start":{"line":35,"column":2},"end":{"line":37,"column":3}},"type":"if","locations":[{"start":{"line":35,"column":2},"end":{"line":37,"column":3}}]},"3":{"loc":{"start":{"line":35,"column":6},"end":{"line":35,"column":30}},"type":"binary-expr","locations":[{"start":{"line":35,"column":6},"end":{"line":35,"column":19}},{"start":{"line":35,"column":23},"end":{"line":35,"column":30}}]}},"s":{"0":1,"1":1,"2":0,"3":1,"4":0,"5":0,"6":0,"7":1,"8":1,"9":1,"10":0,"11":0,"12":0,"13":0,"14":0,"15":1},"f":{"0":0,"1":0,"2":0},"b":{"0":[0],"1":[0,0],"2":[0],"3":[0,0]}}
,"D:\\Kuliah\\Semester 5\\WEBPRO\\Tubes - API\\carbonquest-api\\src\\prisma\\client.ts": {"path":"D:\\Kuliah\\Semester 5\\WEBPRO\\Tubes - API\\carbonquest-api\\src\\prisma\\client.ts","statementMap":{"0":{"start":{"line":3,"column":30},"end":{"line":5,"column":1}},"1":{"start":{"line":4,"column":2},"end":{"line":4,"column":28}},"2":{"start":{"line":11,"column":15},"end":{"line":11,"column":59}},"3":{"start":{"line":15,"column":0},"end":{"line":15,"column":70}},"4":{"start":{"line":15,"column":43},"end":{"line":15,"column":70}}},"fnMap":{"0":{"name":"(anonymous_0)","decl":{"start":{"line":3,"column":30},"end":{"line":3,"column":33}},"loc":{"start":{"line":3,"column":35},"end":{"line":5,"column":1}}}},"branchMap":{"0":{"loc":{"start":{"line":11,"column":15},"end":{"line":11,"column":59}},"type":"binary-expr","locations":[{"start":{"line":11,"column":15},"end":{"line":11,"column":32}},{"start":{"line":11,"column":36},"end":{"line":11,"column":59}}]},"1":{"loc":{"start":{"line":15,"column":0},"end":{"line":15,"column":70}},"type":"if","locations":[{"start":{"line":15,"column":0},"end":{"line":15,"column":70}}]}},"s":{"0":17,"1":17,"2":17,"3":17,"4":17},"f":{"0":17},"b":{"0":[17,17],"1":[17]}}
,"D:\\Kuliah\\Semester 5\\WEBPRO\\Tubes - API\\carbonquest-api\\src\\repositories\\article.repository.ts": {"path":"D:\\Kuliah\\Semester 5\\WEBPRO\\Tubes - API\\carbonquest-api\\src\\repositories\\article.repository.ts","statementMap":{"0":{"start":{"line":6,"column":4},"end":{"line":8,"column":7}},"1":{"start":{"line":12,"column":4},"end":{"line":15,"column":7}},"2":{"start":{"line":21,"column":4},"end":{"line":26,"column":7}},"3":{"start":{"line":33,"column":4},"end":{"line":36,"column":7}},"4":{"start":{"line":40,"column":4},"end":{"line":42,"column":7}}},"fnMap":{"0":{"name":"(anonymous_0)","decl":{"start":{"line":5,"column":2},"end":{"line":5,"column":7}},"loc":{"start":{"line":5,"column":15},"end":{"line":9,"column":3}}},"1":{"name":"(anonymous_1)","decl":{"start":{"line":11,"column":2},"end":{"line":11,"column":7}},"loc":{"start":{"line":11,"column":27},"end":{"line":16,"column":3}}},"2":{"name":"(anonymous_2)","decl":{"start":{"line":18,"column":2},"end":{"line":18,"column":7}},"loc":{"start":{"line":19,"column":50},"end":{"line":27,"column":3}}},"3":{"name":"(anonymous_3)","decl":{"start":{"line":29,"column":2},"end":{"line":29,"column":7}},"loc":{"start":{"line":31,"column":35},"end":{"line":37,"column":3}}},"4":{"name":"(anonymous_4)","decl":{"start":{"line":39,"column":2},"end":{"line":39,"column":7}},"loc":{"start":{"line":39,"column":25},"end":{"line":43,"column":3}}}},"branchMap":{},"s":{"0":0,"1":0,"2":0,"3":0,"4":0},"f":{"0":0,"1":0,"2":0,"3":0,"4":0},"b":{}}
,"D:\\Kuliah\\Semester 5\\WEBPRO\\Tubes - API\\carbonquest-api\\src\\repositories\\mission.repository.ts": {"path":"D:\\Kuliah\\Semester 5\\WEBPRO\\Tubes - API\\carbonquest-api\\src\\repositories\\mission.repository.ts","statementMap":{"0":{"start":{"line":6,"column":4},"end":{"line":8,"column":7}},"1":{"start":{"line":12,"column":4},"end":{"line":15,"column":7}},"2":{"start":{"line":21,"column":4},"end":{"line":23,"column":7}},"3":{"start":{"line":30,"column":4},"end":{"line":33,"column":7}},"4":{"start":{"line":37,"column":4},"end":{"line":39,"column":7}}},"fnMap":{"0":{"name":"(anonymous_0)","decl":{"start":{"line":5,"column":2},"end":{"line":5,"column":7}},"loc":{"start":{"line":5,"column":15},"end":{"line":9,"column":3}}},"1":{"name":"(anonymous_1)","decl":{"start":{"line":11,"column":2},"end":{"line":11,"column":7}},"loc":{"start":{"line":11,"column":27},"end":{"line":16,"column":3}}},"2":{"name":"(anonymous_2)","decl":{"start":{"line":18,"column":2},"end":{"line":18,"column":7}},"loc":{"start":{"line":19,"column":51},"end":{"line":24,"column":3}}},"3":{"name":"(anonymous_3)","decl":{"start":{"line":26,"column":2},"end":{"line":26,"column":7}},"loc":{"start":{"line":28,"column":35},"end":{"line":34,"column":3}}},"4":{"name":"(anonymous_4)","decl":{"start":{"line":36,"column":2},"end":{"line":36,"column":7}},"loc":{"start":{"line":36,"column":25},"end":{"line":40,"column":3}}}},"branchMap":{},"s":{"0":0,"1":0,"2":0,"3":0,"4":0},"f":{"0":0,"1":0,"2":0,"3":0,"4":0},"b":{}}
,"D:\\Kuliah\\Semester 5\\WEBPRO\\Tubes - API\\carbonquest-api\\src\\repositories\\organization.repository.ts": {"path":"D:\\Kuliah\\Semester 5\\WEBPRO\\Tubes - API\\carbonquest-api\\src\\repositories\\organization.repository.ts","statementMap":{"0":{"start":{"line":6,"column":4},"end":{"line":8,"column":7}},"1":{"start":{"line":12,"column":4},"end":{"line":14,"column":7}},"2":{"start":{"line":18,"column":4},"end":{"line":18,"column":48}},"3":{"start":{"line":22,"column":4},"end":{"line":24,"column":7}},"4":{"start":{"line":28,"column":4},"end":{"line":31,"column":7}}},"fnMap":{"0":{"name":"(anonymous_0)","decl":{"start":{"line":5,"column":2},"end":{"line":5,"column":7}},"loc":{"start":{"line":5,"column":27},"end":{"line":9,"column":3}}},"1":{"name":"(anonymous_1)","decl":{"start":{"line":11,"column":2},"end":{"line":11,"column":7}},"loc":{"start":{"line":11,"column":33},"end":{"line":15,"column":3}}},"2":{"name":"(anonymous_2)","decl":{"start":{"line":17,"column":2},"end":{"line":17,"column":7}},"loc":{"start":{"line":17,"column":15},"end":{"line":19,"column":3}}},"3":{"name":"(anonymous_3)","decl":{"start":{"line":21,"column":2},"end":{"line":21,"column":7}},"loc":{"start":{"line":21,"column":42},"end":{"line":25,"column":3}}},"4":{"name":"(anonymous_4)","decl":{"start":{"line":27,"column":2},"end":{"line":27,"column":7}},"loc":{"start":{"line":27,"column":57},"end":{"line":32,"column":3}}}},"branchMap":{},"s":{"0":0,"1":0,"2":0,"3":0,"4":0},"f":{"0":0,"1":0,"2":0,"3":0,"4":0},"b":{}}
,"D:\\Kuliah\\Semester 5\\WEBPRO\\Tubes - API\\carbonquest-api\\src\\repositories\\quiz.repository.ts": {"path":"D:\\Kuliah\\Semester 5\\WEBPRO\\Tubes - API\\carbonquest-api\\src\\repositories\\quiz.repository.ts","statementMap":{"0":{"start":{"line":12,"column":4},"end":{"line":19,"column":7}},"1":{"start":{"line":23,"column":4},"end":{"line":32,"column":7}},"2":{"start":{"line":36,"column":4},"end":{"line":43,"column":7}},"3":{"start":{"line":47,"column":4},"end":{"line":72,"column":7}},"4":{"start":{"line":54,"column":53},"end":{"line":63,"column":12}},"5":{"start":{"line":58,"column":44},"end":{"line":61,"column":16}},"6":{"start":{"line":76,"column":4},"end":{"line":82,"column":7}},"7":{"start":{"line":86,"column":4},"end":{"line":86,"column":44}},"8":{"start":{"line":88,"column":4},"end":{"line":92,"column":5}},"9":{"start":{"line":89,"column":34},"end":{"line":89,"column":71}},"10":{"start":{"line":90,"column":33},"end":{"line":90,"column":80}},"11":{"start":{"line":91,"column":6},"end":{"line":91,"column":81}},"12":{"start":{"line":94,"column":4},"end":{"line":94,"column":35}},"13":{"start":{"line":98,"column":4},"end":{"line":98,"column":60}},"14":{"start":{"line":102,"column":4},"end":{"line":102,"column":64}},"15":{"start":{"line":106,"column":4},"end":{"line":113,"column":7}},"16":{"start":{"line":117,"column":4},"end":{"line":123,"column":7}},"17":{"start":{"line":127,"column":22},"end":{"line":130,"column":6}},"18":{"start":{"line":131,"column":4},"end":{"line":131,"column":72}},"19":{"start":{"line":131,"column":57},"end":{"line":131,"column":70}},"20":{"start":{"line":138,"column":33},"end":{"line":138,"column":35}},"21":{"start":{"line":140,"column":4},"end":{"line":147,"column":5}},"22":{"start":{"line":141,"column":6},"end":{"line":146,"column":7}},"23":{"start":{"line":142,"column":8},"end":{"line":142,"column":59}},"24":{"start":{"line":143,"column":8},"end":{"line":143,"column":46}},"25":{"start":{"line":145,"column":8},"end":{"line":145,"column":62}},"26":{"start":{"line":149,"column":4},"end":{"line":149,"column":22}},"27":{"start":{"line":156,"column":19},"end":{"line":158,"column":6}},"28":{"start":{"line":160,"column":4},"end":{"line":162,"column":5}},"29":{"start":{"line":161,"column":6},"end":{"line":161,"column":76}},"30":{"start":{"line":164,"column":4},"end":{"line":170,"column":7}},"31":{"start":{"line":172,"column":4},"end":{"line":172,"column":71}},"32":{"start":{"line":180,"column":4},"end":{"line":192,"column":7}},"33":{"start":{"line":186,"column":47},"end":{"line":189,"column":12}},"34":{"start":{"line":199,"column":30},"end":{"line":199,"column":73}},"35":{"start":{"line":200,"column":39},"end":{"line":200,"column":41}},"36":{"start":{"line":202,"column":4},"end":{"line":209,"column":5}},"37":{"start":{"line":203,"column":6},"end":{"line":208,"column":7}},"38":{"start":{"line":204,"column":24},"end":{"line":204,"column":75}},"39":{"start":{"line":205,"column":8},"end":{"line":205,"column":61}},"40":{"start":{"line":205,"column":21},"end":{"line":205,"column":61}},"41":{"start":{"line":207,"column":8},"end":{"line":207,"column":52}},"42":{"start":{"line":211,"column":4},"end":{"line":211,"column":73}},"43":{"start":{"line":215,"column":20},"end":{"line":218,"column":6}},"44":{"start":{"line":219,"column":4},"end":{"line":219,"column":66}},"45":{"start":{"line":219,"column":53},"end":{"line":219,"column":64}},"46":{"start":{"line":226,"column":19},"end":{"line":228,"column":6}},"47":{"start":{"line":230,"column":4},"end":{"line":236,"column":5}},"48":{"start":{"line":231,"column":6},"end":{"line":234,"column":9}},"49":{"start":{"line":235,"column":6},"end":{"line":235,"column":18}},"50":{"start":{"line":238,"column":4},"end":{"line":238,"column":48}},"51":{"start":{"line":239,"column":4},"end":{"line":239,"column":17}},"52":{"start":{"line":246,"column":4},"end":{"line":252,"column":7}},"53":{"start":{"line":259,"column":21},"end":{"line":259,"column":67}},"54":{"start":{"line":259,"column":45},"end":{"line":259,"column":66}},"55":{"start":{"line":260,"column":4},"end":{"line":264,"column":5}},"56":{"start":{"line":261,"column":6},"end":{"line":263,"column":9}},"57":{"start":{"line":271,"column":21},"end":{"line":271,"column":67}},"58":{"start":{"line":271,"column":45},"end":{"line":271,"column":66}},"59":{"start":{"line":272,"column":4},"end":{"line":276,"column":5}},"60":{"start":{"line":273,"column":6},"end":{"line":275,"column":9}}},"fnMap":{"0":{"name":"(anonymous_0)","decl":{"start":{"line":11,"column":2},"end":{"line":11,"column":7}},"loc":{"start":{"line":11,"column":15},"end":{"line":20,"column":3}}},"1":{"name":"(anonymous_1)","decl":{"start":{"line":22,"column":2},"end":{"line":22,"column":7}},"loc":{"start":{"line":22,"column":27},"end":{"line":33,"column":3}}},"2":{"name":"(anonymous_2)","decl":{"start":{"line":35,"column":2},"end":{"line":35,"column":7}},"loc":{"start":{"line":35,"column":59},"end":{"line":44,"column":3}}},"3":{"name":"(anonymous_3)","decl":{"start":{"line":46,"column":2},"end":{"line":46,"column":7}},"loc":{"start":{"line":46,"column":72},"end":{"line":73,"column":3}}},"4":{"name":"(anonymous_4)","decl":{"start":{"line":54,"column":38},"end":{"line":54,"column":39}},"loc":{"start":{"line":54,"column":53},"end":{"line":63,"column":12}}},"5":{"name":"(anonymous_5)","decl":{"start":{"line":58,"column":36},"end":{"line":58,"column":37}},"loc":{"start":{"line":58,"column":44},"end":{"line":61,"column":16}}},"6":{"name":"(anonymous_6)","decl":{"start":{"line":75,"column":2},"end":{"line":75,"column":7}},"loc":{"start":{"line":75,"column":55},"end":{"line":83,"column":3}}},"7":{"name":"(anonymous_7)","decl":{"start":{"line":85,"column":2},"end":{"line":85,"column":7}},"loc":{"start":{"line":85,"column":72},"end":{"line":95,"column":3}}},"8":{"name":"(anonymous_8)","decl":{"start":{"line":97,"column":2},"end":{"line":97,"column":7}},"loc":{"start":{"line":97,"column":25},"end":{"line":99,"column":3}}},"9":{"name":"(anonymous_9)","decl":{"start":{"line":101,"column":2},"end":{"line":101,"column":7}},"loc":{"start":{"line":101,"column":40},"end":{"line":103,"column":3}}},"10":{"name":"(anonymous_10)","decl":{"start":{"line":105,"column":2},"end":{"line":105,"column":7}},"loc":{"start":{"line":105,"column":40},"end":{"line":114,"column":3}}},"11":{"name":"(anonymous_11)","decl":{"start":{"line":116,"column":10},"end":{"line":116,"column":15}},"loc":{"start":{"line":116,"column":79},"end":{"line":124,"column":3}}},"12":{"name":"(anonymous_12)","decl":{"start":{"line":126,"column":10},"end":{"line":126,"column":15}},"loc":{"start":{"line":126,"column":53},"end":{"line":132,"column":3}}},"13":{"name":"(anonymous_13)","decl":{"start":{"line":131,"column":25},"end":{"line":131,"column":26}},"loc":{"start":{"line":131,"column":57},"end":{"line":131,"column":70}}},"14":{"name":"(anonymous_14)","decl":{"start":{"line":134,"column":10},"end":{"line":134,"column":15}},"loc":{"start":{"line":136,"column":38},"end":{"line":150,"column":3}}},"15":{"name":"(anonymous_15)","decl":{"start":{"line":152,"column":10},"end":{"line":152,"column":15}},"loc":{"start":{"line":154,"column":17},"end":{"line":173,"column":3}}},"16":{"name":"(anonymous_16)","decl":{"start":{"line":175,"column":10},"end":{"line":175,"column":15}},"loc":{"start":{"line":178,"column":17},"end":{"line":193,"column":3}}},"17":{"name":"(anonymous_17)","decl":{"start":{"line":186,"column":39},"end":{"line":186,"column":40}},"loc":{"start":{"line":186,"column":47},"end":{"line":189,"column":12}}},"18":{"name":"(anonymous_18)","decl":{"start":{"line":195,"column":10},"end":{"line":195,"column":15}},"loc":{"start":{"line":197,"column":34},"end":{"line":212,"column":3}}},"19":{"name":"(anonymous_19)","decl":{"start":{"line":214,"column":10},"end":{"line":214,"column":15}},"loc":{"start":{"line":214,"column":55},"end":{"line":220,"column":3}}},"20":{"name":"(anonymous_20)","decl":{"start":{"line":219,"column":23},"end":{"line":219,"column":24}},"loc":{"start":{"line":219,"column":53},"end":{"line":219,"column":64}}},"21":{"name":"(anonymous_21)","decl":{"start":{"line":222,"column":10},"end":{"line":222,"column":15}},"loc":{"start":{"line":224,"column":31},"end":{"line":240,"column":3}}},"22":{"name":"(anonymous_22)","decl":{"start":{"line":242,"column":10},"end":{"line":242,"column":15}},"loc":{"start":{"line":244,"column":31},"end":{"line":253,"column":3}}},"23":{"name":"(anonymous_23)","decl":{"start":{"line":255,"column":10},"end":{"line":255,"column":15}},"loc":{"start":{"line":257,"column":21},"end":{"line":265,"column":3}}},"24":{"name":"(anonymous_24)","decl":{"start":{"line":259,"column":37},"end":{"line":259,"column":38}},"loc":{"start":{"line":259,"column":45},"end":{"line":259,"column":66}}},"25":{"name":"(anonymous_25)","decl":{"start":{"line":267,"column":10},"end":{"line":267,"column":15}},"loc":{"start":{"line":269,"column":21},"end":{"line":277,"column":3}}},"26":{"name":"(anonymous_26)","decl":{"start":{"line":271,"column":37},"end":{"line":271,"column":38}},"loc":{"start":{"line":271,"column":45},"end":{"line":271,"column":66}}}},"branchMap":{"0":{"loc":{"start":{"line":56,"column":19},"end":{"line":56,"column":39}},"type":"binary-expr","locations":[{"start":{"line":56,"column":19},"end":{"line":56,"column":26}},{"start":{"line":56,"column":30},"end":{"line":56,"column":39}}]},"1":{"loc":{"start":{"line":60,"column":24},"end":{"line":60,"column":37}},"type":"binary-expr","locations":[{"start":{"line":60,"column":24},"end":{"line":60,"column":32}},{"start":{"line":60,"column":36},"end":{"line":60,"column":37}}]},"2":{"loc":{"start":{"line":88,"column":4},"end":{"line":92,"column":5}},"type":"if","locations":[{"start":{"line":88,"column":4},"end":{"line":92,"column":5}}]},"3":{"loc":{"start":{"line":141,"column":6},"end":{"line":146,"column":7}},"type":"if","locations":[{"start":{"line":141,"column":6},"end":{"line":146,"column":7}},{"start":{"line":144,"column":13},"end":{"line":146,"column":7}}]},"4":{"loc":{"start":{"line":160,"column":4},"end":{"line":162,"column":5}},"type":"if","locations":[{"start":{"line":160,"column":4},"end":{"line":162,"column":5}}]},"5":{"loc":{"start":{"line":168,"column":15},"end":{"line":168,"column":42}},"type":"binary-expr","locations":[{"start":{"line":168,"column":15},"end":{"line":168,"column":29}},{"start":{"line":168,"column":33},"end":{"line":168,"column":42}}]},"6":{"loc":{"start":{"line":184,"column":15},"end":{"line":184,"column":42}},"type":"binary-expr","locations":[{"start":{"line":184,"column":15},"end":{"line":184,"column":29}},{"start":{"line":184,"column":33},"end":{"line":184,"column":42}}]},"7":{"loc":{"start":{"line":188,"column":20},"end":{"line":188,"column":33}},"type":"binary-expr","locations":[{"start":{"line":188,"column":20},"end":{"line":188,"column":28}},{"start":{"line":188,"column":32},"end":{"line":188,"column":33}}]},"8":{"loc":{"start":{"line":203,"column":6},"end":{"line":208,"column":7}},"type":"if","locations":[{"start":{"line":203,"column":6},"end":{"line":208,"column":7}},{"start":{"line":206,"column":13},"end":{"line":208,"column":7}}]},"9":{"loc":{"start":{"line":205,"column":8},"end":{"line":205,"column":61}},"type":"if","locations":[{"start":{"line":205,"column":8},"end":{"line":205,"column":61}}]},"10":{"loc":{"start":{"line":230,"column":4},"end":{"line":236,"column":5}},"type":"if","locations":[{"start":{"line":230,"column":4},"end":{"line":236,"column":5}}]},"11":{"loc":{"start":{"line":233,"column":49},"end":{"line":233,"column":67}},"type":"binary-expr","locations":[{"start":{"line":233,"column":49},"end":{"line":233,"column":62}},{"start":{"line":233,"column":66},"end":{"line":233,"column":67}}]},"12":{"loc":{"start":{"line":250,"column":16},"end":{"line":250,"column":34}},"type":"binary-expr","locations":[{"start":{"line":250,"column":16},"end":{"line":250,"column":29}},{"start":{"line":250,"column":33},"end":{"line":250,"column":34}}]},"13":{"loc":{"start":{"line":260,"column":4},"end":{"line":264,"column":5}},"type":"if","locations":[{"start":{"line":260,"column":4},"end":{"line":264,"column":5}}]},"14":{"loc":{"start":{"line":272,"column":4},"end":{"line":276,"column":5}},"type":"if","locations":[{"start":{"line":272,"column":4},"end":{"line":276,"column":5}}]}},"s":{"0":0,"1":0,"2":0,"3":0,"4":0,"5":0,"6":0,"7":0,"8":0,"9":0,"10":0,"11":0,"12":0,"13":0,"14":0,"15":0,"16":0,"17":0,"18":0,"19":0,"20":0,"21":0,"22":0,"23":0,"24":0,"25":0,"26":0,"27":0,"28":0,"29":0,"30":0,"31":0,"32":0,"33":0,"34":0,"35":0,"36":0,"37":0,"38":0,"39":0,"40":0,"41":0,"42":0,"43":0,"44":0,"45":0,"46":0,"47":0,"48":0,"49":0,"50":0,"51":0,"52":0,"53":0,"54":0,"55":0,"56":0,"57":0,"58":0,"59":0,"60":0},"f":{"0":0,"1":0,"2":0,"3":0,"4":0,"5":0,"6":0,"7":0,"8":0,"9":0,"10":0,"11":0,"12":0,"13":0,"14":0,"15":0,"16":0,"17":0,"18":0,"19":0,"20":0,"21":0,"22":0,"23":0,"24":0,"25":0,"26":0},"b":{"0":[0,0],"1":[0,0],"2":[0],"3":[0,0],"4":[0],"5":[0,0],"6":[0,0],"7":[0,0],"8":[0,0],"9":[0],"10":[0],"11":[0,0],"12":[0,0],"13":[0],"14":[0]}}
,"D:\\Kuliah\\Semester 5\\WEBPRO\\Tubes - API\\carbonquest-api\\src\\repositories\\session.repository.ts": {"path":"D:\\Kuliah\\Semester 5\\WEBPRO\\Tubes - API\\carbonquest-api\\src\\repositories\\session.repository.ts","statementMap":{"0":{"start":{"line":6,"column":4},"end":{"line":16,"column":7}},"1":{"start":{"line":20,"column":4},"end":{"line":23,"column":7}},"2":{"start":{"line":27,"column":4},"end":{"line":34,"column":7}},"3":{"start":{"line":43,"column":21},"end":{"line":53,"column":6}},"4":{"start":{"line":55,"column":4},"end":{"line":55,"column":29}},"5":{"start":{"line":59,"column":35},"end":{"line":59,"column":59}},"6":{"start":{"line":61,"column":47},"end":{"line":64,"column":6}},"7":{"start":{"line":66,"column":4},"end":{"line":66,"column":48}},"8":{"start":{"line":70,"column":20},"end":{"line":70,"column":30}},"9":{"start":{"line":71,"column":22},"end":{"line":71,"column":32}},"10":{"start":{"line":72,"column":4},"end":{"line":72,"column":55}},"11":{"start":{"line":73,"column":4},"end":{"line":73,"column":34}},"12":{"start":{"line":77,"column":4},"end":{"line":84,"column":7}},"13":{"start":{"line":88,"column":4},"end":{"line":94,"column":7}}},"fnMap":{"0":{"name":"(anonymous_0)","decl":{"start":{"line":5,"column":2},"end":{"line":5,"column":7}},"loc":{"start":{"line":5,"column":59},"end":{"line":17,"column":3}}},"1":{"name":"(anonymous_1)","decl":{"start":{"line":19,"column":2},"end":{"line":19,"column":7}},"loc":{"start":{"line":19,"column":75},"end":{"line":24,"column":3}}},"2":{"name":"(anonymous_2)","decl":{"start":{"line":26,"column":2},"end":{"line":26,"column":7}},"loc":{"start":{"line":26,"column":35},"end":{"line":35,"column":3}}},"3":{"name":"(anonymous_3)","decl":{"start":{"line":37,"column":2},"end":{"line":37,"column":7}},"loc":{"start":{"line":41,"column":13},"end":{"line":56,"column":3}}},"4":{"name":"(anonymous_4)","decl":{"start":{"line":58,"column":2},"end":{"line":58,"column":7}},"loc":{"start":{"line":58,"column":57},"end":{"line":67,"column":3}}},"5":{"name":"(anonymous_5)","decl":{"start":{"line":69,"column":10},"end":{"line":69,"column":22}},"loc":{"start":{"line":69,"column":36},"end":{"line":74,"column":3}}},"6":{"name":"(anonymous_6)","decl":{"start":{"line":76,"column":10},"end":{"line":76,"column":15}},"loc":{"start":{"line":76,"column":79},"end":{"line":85,"column":3}}},"7":{"name":"(anonymous_7)","decl":{"start":{"line":87,"column":10},"end":{"line":87,"column":15}},"loc":{"start":{"line":87,"column":85},"end":{"line":95,"column":3}}}},"branchMap":{"0":{"loc":{"start":{"line":12,"column":22},"end":{"line":12,"column":44}},"type":"binary-expr","locations":[{"start":{"line":12,"column":22},"end":{"line":12,"column":39}},{"start":{"line":12,"column":43},"end":{"line":12,"column":44}}]},"1":{"loc":{"start":{"line":13,"column":20},"end":{"line":13,"column":76}},"type":"cond-expr","locations":[{"start":{"line":13,"column":38},"end":{"line":13,"column":63}},{"start":{"line":13,"column":66},"end":{"line":13,"column":76}}]},"2":{"loc":{"start":{"line":14,"column":18},"end":{"line":14,"column":64}},"type":"cond-expr","locations":[{"start":{"line":14,"column":34},"end":{"line":14,"column":57}},{"start":{"line":14,"column":60},"end":{"line":14,"column":64}}]},"3":{"loc":{"start":{"line":58,"column":40},"end":{"line":58,"column":57}},"type":"default-arg","locations":[{"start":{"line":58,"column":56},"end":{"line":58,"column":57}}]}},"s":{"0":0,"1":0,"2":0,"3":0,"4":0,"5":0,"6":0,"7":0,"8":0,"9":0,"10":0,"11":0,"12":0,"13":0},"f":{"0":0,"1":0,"2":0,"3":0,"4":0,"5":0,"6":0,"7":0},"b":{"0":[0,0],"1":[0,0],"2":[0,0],"3":[0]}}
,"D:\\Kuliah\\Semester 5\\WEBPRO\\Tubes - API\\carbonquest-api\\src\\repositories\\user-mission.repository.ts": {"path":"D:\\Kuliah\\Semester 5\\WEBPRO\\Tubes - API\\carbonquest-api\\src\\repositories\\user-mission.repository.ts","statementMap":{"0":{"start":{"line":8,"column":4},"end":{"line":16,"column":7}},"1":{"start":{"line":23,"column":4},"end":{"line":26,"column":7}},"2":{"start":{"line":30,"column":4},"end":{"line":33,"column":7}}},"fnMap":{"0":{"name":"(anonymous_0)","decl":{"start":{"line":5,"column":2},"end":{"line":5,"column":7}},"loc":{"start":{"line":6,"column":52},"end":{"line":17,"column":3}}},"1":{"name":"(anonymous_1)","decl":{"start":{"line":19,"column":2},"end":{"line":19,"column":7}},"loc":{"start":{"line":21,"column":33},"end":{"line":27,"column":3}}},"2":{"name":"(anonymous_2)","decl":{"start":{"line":29,"column":2},"end":{"line":29,"column":7}},"loc":{"start":{"line":29,"column":35},"end":{"line":34,"column":3}}}},"branchMap":{},"s":{"0":0,"1":0,"2":0},"f":{"0":0,"1":0,"2":0},"b":{}}
,"D:\\Kuliah\\Semester 5\\WEBPRO\\Tubes - API\\carbonquest-api\\src\\repositories\\user.repository.ts": {"path":"D:\\Kuliah\\Semester 5\\WEBPRO\\Tubes - API\\carbonquest-api\\src\\repositories\\user.repository.ts","statementMap":{"0":{"start":{"line":15,"column":4},"end":{"line":15,"column":69}},"1":{"start":{"line":19,"column":4},"end":{"line":19,"column":62}},"2":{"start":{"line":23,"column":4},"end":{"line":23,"column":41}},"3":{"start":{"line":27,"column":4},"end":{"line":27,"column":47}},"4":{"start":{"line":31,"column":4},"end":{"line":31,"column":71}},"5":{"start":{"line":35,"column":4},"end":{"line":38,"column":7}},"6":{"start":{"line":42,"column":4},"end":{"line":42,"column":58}},"7":{"start":{"line":46,"column":18},"end":{"line":51,"column":6}},"8":{"start":{"line":53,"column":4},"end":{"line":64,"column":55}},"9":{"start":{"line":54,"column":22},"end":{"line":63,"column":8}},"10":{"start":{"line":64,"column":22},"end":{"line":64,"column":53}},"11":{"start":{"line":68,"column":4},"end":{"line":68,"column":66}},"12":{"start":{"line":68,"column":39},"end":{"line":68,"column":61}}},"fnMap":{"0":{"name":"(anonymous_0)","decl":{"start":{"line":14,"column":2},"end":{"line":14,"column":7}},"loc":{"start":{"line":14,"column":27},"end":{"line":16,"column":3}}},"1":{"name":"(anonymous_1)","decl":{"start":{"line":18,"column":2},"end":{"line":18,"column":7}},"loc":{"start":{"line":18,"column":33},"end":{"line":20,"column":3}}},"2":{"name":"(anonymous_2)","decl":{"start":{"line":22,"column":2},"end":{"line":22,"column":7}},"loc":{"start":{"line":22,"column":15},"end":{"line":24,"column":3}}},"3":{"name":"(anonymous_3)","decl":{"start":{"line":26,"column":2},"end":{"line":26,"column":7}},"loc":{"start":{"line":26,"column":34},"end":{"line":28,"column":3}}},"4":{"name":"(anonymous_4)","decl":{"start":{"line":30,"column":2},"end":{"line":30,"column":7}},"loc":{"start":{"line":30,"column":55},"end":{"line":32,"column":3}}},"5":{"name":"(anonymous_5)","decl":{"start":{"line":34,"column":2},"end":{"line":34,"column":7}},"loc":{"start":{"line":34,"column":57},"end":{"line":39,"column":3}}},"6":{"name":"(anonymous_6)","decl":{"start":{"line":41,"column":2},"end":{"line":41,"column":7}},"loc":{"start":{"line":41,"column":25},"end":{"line":43,"column":3}}},"7":{"name":"(anonymous_7)","decl":{"start":{"line":45,"column":2},"end":{"line":45,"column":7}},"loc":{"start":{"line":45,"column":22},"end":{"line":65,"column":3}}},"8":{"name":"(anonymous_8)","decl":{"start":{"line":54,"column":11},"end":{"line":54,"column":12}},"loc":{"start":{"line":54,"column":22},"end":{"line":63,"column":8}}},"9":{"name":"(anonymous_9)","decl":{"start":{"line":64,"column":12},"end":{"line":64,"column":13}},"loc":{"start":{"line":64,"column":22},"end":{"line":64,"column":53}}},"10":{"name":"(anonymous_10)","decl":{"start":{"line":67,"column":10},"end":{"line":67,"column":19}},"loc":{"start":{"line":67,"column":75},"end":{"line":69,"column":3}}},"11":{"name":"(anonymous_11)","decl":{"start":{"line":68,"column":24},"end":{"line":68,"column":25}},"loc":{"start":{"line":68,"column":39},"end":{"line":68,"column":61}}}},"branchMap":{"0":{"loc":{"start":{"line":68,"column":46},"end":{"line":68,"column":60}},"type":"binary-expr","locations":[{"start":{"line":68,"column":46},"end":{"line":68,"column":55}},{"start":{"line":68,"column":59},"end":{"line":68,"column":60}}]}},"s":{"0":0,"1":0,"2":0,"3":0,"4":0,"5":0,"6":0,"7":0,"8":0,"9":0,"10":0,"11":0,"12":0},"f":{"0":0,"1":0,"2":0,"3":0,"4":0,"5":0,"6":0,"7":0,"8":0,"9":0,"10":0,"11":0},"b":{"0":[0,0]}}
,"D:\\Kuliah\\Semester 5\\WEBPRO\\Tubes - API\\carbonquest-api\\src\\routes\\article.routes.ts": {"path":"D:\\Kuliah\\Semester 5\\WEBPRO\\Tubes - API\\carbonquest-api\\src\\routes\\article.routes.ts","statementMap":{"0":{"start":{"line":7,"column":15},"end":{"line":7,"column":23}},"1":{"start":{"line":8,"column":19},"end":{"line":8,"column":42}},"2":{"start":{"line":71,"column":0},"end":{"line":77,"column":2}},"3":{"start":{"line":95,"column":0},"end":{"line":99,"column":2}},"4":{"start":{"line":126,"column":0},"end":{"line":130,"column":2}},"5":{"start":{"line":189,"column":0},"end":{"line":195,"column":2}},"6":{"start":{"line":224,"column":0},"end":{"line":228,"column":2}}},"fnMap":{},"branchMap":{},"s":{"0":1,"1":1,"2":1,"3":1,"4":1,"5":1,"6":1},"f":{},"b":{}}
,"D:\\Kuliah\\Semester 5\\WEBPRO\\Tubes - API\\carbonquest-api\\src\\routes\\auth.routes.ts": {"path":"D:\\Kuliah\\Semester 5\\WEBPRO\\Tubes - API\\carbonquest-api\\src\\routes\\auth.routes.ts","statementMap":{"0":{"start":{"line":4,"column":15},"end":{"line":4,"column":23}},"1":{"start":{"line":5,"column":19},"end":{"line":5,"column":39}},"2":{"start":{"line":74,"column":0},"end":{"line":74,"column":55}},"3":{"start":{"line":125,"column":0},"end":{"line":125,"column":49}},"4":{"start":{"line":169,"column":0},"end":{"line":169,"column":62}},"5":{"start":{"line":206,"column":0},"end":{"line":206,"column":56}}},"fnMap":{},"branchMap":{},"s":{"0":1,"1":1,"2":1,"3":1,"4":1,"5":1},"f":{},"b":{}}
,"D:\\Kuliah\\Semester 5\\WEBPRO\\Tubes - API\\carbonquest-api\\src\\routes\\file.routes.ts": {"path":"D:\\Kuliah\\Semester 5\\WEBPRO\\Tubes - API\\carbonquest-api\\src\\routes\\file.routes.ts","statementMap":{"0":{"start":{"line":5,"column":15},"end":{"line":5,"column":23}},"1":{"start":{"line":7,"column":27},"end":{"line":7,"column":69}},"2":{"start":{"line":8,"column":49},"end":{"line":14,"column":2}},"3":{"start":{"line":66,"column":0},"end":{"line":88,"column":3}},"4":{"start":{"line":67,"column":23},"end":{"line":67,"column":33}},"5":{"start":{"line":69,"column":2},"end":{"line":71,"column":3}},"6":{"start":{"line":70,"column":4},"end":{"line":70,"column":81}},"7":{"start":{"line":73,"column":19},"end":{"line":73,"column":64}},"8":{"start":{"line":75,"column":2},"end":{"line":77,"column":3}},"9":{"start":{"line":76,"column":4},"end":{"line":76,"column":79}},"10":{"start":{"line":79,"column":14},"end":{"line":79,"column":50}},"11":{"start":{"line":81,"column":2},"end":{"line":83,"column":3}},"12":{"start":{"line":82,"column":4},"end":{"line":82,"column":82}},"13":{"start":{"line":85,"column":2},"end":{"line":85,"column":52}},"14":{"start":{"line":86,"column":2},"end":{"line":86,"column":61}},"15":{"start":{"line":87,"column":2},"end":{"line":87,"column":32}},"16":{"start":{"line":91,"column":2},"end":{"line":91,"column":86}}},"fnMap":{"0":{"name":"(anonymous_0)","decl":{"start":{"line":66,"column":25},"end":{"line":66,"column":26}},"loc":{"start":{"line":66,"column":38},"end":{"line":88,"column":1}}},"1":{"name":"hasPathTraversal","decl":{"start":{"line":90,"column":9},"end":{"line":90,"column":25}},"loc":{"start":{"line":90,"column":42},"end":{"line":92,"column":1}}}},"branchMap":{"0":{"loc":{"start":{"line":69,"column":2},"end":{"line":71,"column":3}},"type":"if","locations":[{"start":{"line":69,"column":2},"end":{"line":71,"column":3}}]},"1":{"loc":{"start":{"line":75,"column":2},"end":{"line":77,"column":3}},"type":"if","locations":[{"start":{"line":75,"column":2},"end":{"line":77,"column":3}}]},"2":{"loc":{"start":{"line":81,"column":2},"end":{"line":83,"column":3}},"type":"if","locations":[{"start":{"line":81,"column":2},"end":{"line":83,"column":3}}]},"3":{"loc":{"start":{"line":91,"column":9},"end":{"line":91,"column":85}},"type":"binary-expr","locations":[{"start":{"line":91,"column":9},"end":{"line":91,"column":32}},{"start":{"line":91,"column":36},"end":{"line":91,"column":58}},{"start":{"line":91,"column":62},"end":{"line":91,"column":85}}]}},"s":{"0":1,"1":1,"2":1,"3":1,"4":0,"5":0,"6":0,"7":0,"8":0,"9":0,"10":0,"11":0,"12":0,"13":0,"14":0,"15":0,"16":0},"f":{"0":0,"1":0},"b":{"0":[0],"1":[0],"2":[0],"3":[0,0,0]}}
,"D:\\Kuliah\\Semester 5\\WEBPRO\\Tubes - API\\carbonquest-api\\src\\routes\\mission.routes.ts": {"path":"D:\\Kuliah\\Semester 5\\WEBPRO\\Tubes - API\\carbonquest-api\\src\\routes\\mission.routes.ts","statementMap":{"0":{"start":{"line":7,"column":15},"end":{"line":7,"column":23}},"1":{"start":{"line":8,"column":19},"end":{"line":8,"column":42}},"2":{"start":{"line":65,"column":0},"end":{"line":71,"column":2}},"3":{"start":{"line":89,"column":0},"end":{"line":93,"column":2}},"4":{"start":{"line":120,"column":0},"end":{"line":124,"column":2}},"5":{"start":{"line":179,"column":0},"end":{"line":185,"column":2}},"6":{"start":{"line":214,"column":0},"end":{"line":218,"column":2}}},"fnMap":{},"branchMap":{},"s":{"0":1,"1":1,"2":1,"3":1,"4":1,"5":1,"6":1},"f":{},"b":{}}
,"D:\\Kuliah\\Semester 5\\WEBPRO\\Tubes - API\\carbonquest-api\\src\\routes\\organization.routes.ts": {"path":"D:\\Kuliah\\Semester 5\\WEBPRO\\Tubes - API\\carbonquest-api\\src\\routes\\organization.routes.ts","statementMap":{"0":{"start":{"line":5,"column":15},"end":{"line":5,"column":23}},"1":{"start":{"line":6,"column":19},"end":{"line":6,"column":47}},"2":{"start":{"line":26,"column":0},"end":{"line":30,"column":2}},"3":{"start":{"line":72,"column":0},"end":{"line":76,"column":2}}},"fnMap":{},"branchMap":{},"s":{"0":1,"1":1,"2":1,"3":1},"f":{},"b":{}}
,"D:\\Kuliah\\Semester 5\\WEBPRO\\Tubes - API\\carbonquest-api\\src\\routes\\quiz.routes.ts": {"path":"D:\\Kuliah\\Semester 5\\WEBPRO\\Tubes - API\\carbonquest-api\\src\\routes\\quiz.routes.ts","statementMap":{"0":{"start":{"line":5,"column":15},"end":{"line":5,"column":23}},"1":{"start":{"line":6,"column":19},"end":{"line":6,"column":39}},"2":{"start":{"line":71,"column":0},"end":{"line":75,"column":2}},"3":{"start":{"line":93,"column":0},"end":{"line":97,"column":2}},"4":{"start":{"line":121,"column":0},"end":{"line":125,"column":2}},"5":{"start":{"line":183,"column":0},"end":{"line":187,"column":2}},"6":{"start":{"line":211,"column":0},"end":{"line":215,"column":2}},"7":{"start":{"line":251,"column":0},"end":{"line":255,"column":2}}},"fnMap":{},"branchMap":{},"s":{"0":1,"1":1,"2":1,"3":1,"4":1,"5":1,"6":1,"7":1},"f":{},"b":{}}
,"D:\\Kuliah\\Semester 5\\WEBPRO\\Tubes - API\\carbonquest-api\\src\\routes\\session.routes.ts": {"path":"D:\\Kuliah\\Semester 5\\WEBPRO\\Tubes - API\\carbonquest-api\\src\\routes\\session.routes.ts","statementMap":{"0":{"start":{"line":5,"column":15},"end":{"line":5,"column":23}},"1":{"start":{"line":6,"column":19},"end":{"line":6,"column":42}},"2":{"start":{"line":26,"column":0},"end":{"line":30,"column":2}},"3":{"start":{"line":92,"column":0},"end":{"line":96,"column":2}}},"fnMap":{},"branchMap":{},"s":{"0":1,"1":1,"2":1,"3":1},"f":{},"b":{}}
,"D:\\Kuliah\\Semester 5\\WEBPRO\\Tubes - API\\carbonquest-api\\src\\routes\\user-mission.routes.ts": {"path":"D:\\Kuliah\\Semester 5\\WEBPRO\\Tubes - API\\carbonquest-api\\src\\routes\\user-mission.routes.ts","statementMap":{"0":{"start":{"line":5,"column":15},"end":{"line":5,"column":23}},"1":{"start":{"line":6,"column":19},"end":{"line":6,"column":46}},"2":{"start":{"line":38,"column":0},"end":{"line":42,"column":2}},"3":{"start":{"line":84,"column":0},"end":{"line":88,"column":2}},"4":{"start":{"line":108,"column":0},"end":{"line":112,"column":2}}},"fnMap":{},"branchMap":{},"s":{"0":1,"1":1,"2":1,"3":1,"4":1},"f":{},"b":{}}
,"D:\\Kuliah\\Semester 5\\WEBPRO\\Tubes - API\\carbonquest-api\\src\\routes\\user.routes.ts": {"path":"D:\\Kuliah\\Semester 5\\WEBPRO\\Tubes - API\\carbonquest-api\\src\\routes\\user.routes.ts","statementMap":{"0":{"start":{"line":7,"column":15},"end":{"line":7,"column":23}},"1":{"start":{"line":8,"column":19},"end":{"line":8,"column":39}},"2":{"start":{"line":39,"column":0},"end":{"line":43,"column":2}},"3":{"start":{"line":95,"column":0},"end":{"line":99,"column":2}},"4":{"start":{"line":135,"column":0},"end":{"line":139,"column":2}},"5":{"start":{"line":179,"column":0},"end":{"line":183,"column":2}},"6":{"start":{"line":240,"column":0},"end":{"line":244,"column":2}},"7":{"start":{"line":273,"column":0},"end":{"line":277,"column":2}},"8":{"start":{"line":329,"column":0},"end":{"line":335,"column":2}}},"fnMap":{},"branchMap":{},"s":{"0":1,"1":1,"2":1,"3":1,"4":1,"5":1,"6":1,"7":1,"8":1},"f":{},"b":{}}
,"D:\\Kuliah\\Semester 5\\WEBPRO\\Tubes - API\\carbonquest-api\\src\\services\\article.service.ts": {"path":"D:\\Kuliah\\Semester 5\\WEBPRO\\Tubes - API\\carbonquest-api\\src\\services\\article.service.ts","statementMap":{"0":{"start":{"line":9,"column":4},"end":{"line":9,"column":46}},"1":{"start":{"line":13,"column":4},"end":{"line":13,"column":43}},"2":{"start":{"line":17,"column":4},"end":{"line":17,"column":74}},"3":{"start":{"line":21,"column":20},"end":{"line":21,"column":54}},"4":{"start":{"line":22,"column":4},"end":{"line":24,"column":5}},"5":{"start":{"line":23,"column":6},"end":{"line":23,"column":51}},"6":{"start":{"line":25,"column":4},"end":{"line":25,"column":19}},"7":{"start":{"line":29,"column":4},"end":{"line":29,"column":34}},"8":{"start":{"line":30,"column":4},"end":{"line":30,"column":50}},"9":{"start":{"line":34,"column":4},"end":{"line":34,"column":34}},"10":{"start":{"line":35,"column":4},"end":{"line":35,"column":37}}},"fnMap":{"0":{"name":"(anonymous_0)","decl":{"start":{"line":8,"column":2},"end":{"line":8,"column":null}},"loc":{"start":{"line":8,"column":2},"end":{"line":10,"column":3}}},"1":{"name":"(anonymous_1)","decl":{"start":{"line":12,"column":2},"end":{"line":12,"column":7}},"loc":{"start":{"line":12,"column":22},"end":{"line":14,"column":3}}},"2":{"name":"(anonymous_2)","decl":{"start":{"line":16,"column":2},"end":{"line":16,"column":7}},"loc":{"start":{"line":16,"column":62},"end":{"line":18,"column":3}}},"3":{"name":"(anonymous_3)","decl":{"start":{"line":20,"column":2},"end":{"line":20,"column":7}},"loc":{"start":{"line":20,"column":33},"end":{"line":26,"column":3}}},"4":{"name":"(anonymous_4)","decl":{"start":{"line":28,"column":2},"end":{"line":28,"column":7}},"loc":{"start":{"line":28,"column":65},"end":{"line":31,"column":3}}},"5":{"name":"(anonymous_5)","decl":{"start":{"line":33,"column":2},"end":{"line":33,"column":7}},"loc":{"start":{"line":33,"column":32},"end":{"line":36,"column":3}}}},"branchMap":{"0":{"loc":{"start":{"line":22,"column":4},"end":{"line":24,"column":5}},"type":"if","locations":[{"start":{"line":22,"column":4},"end":{"line":24,"column":5}}]}},"s":{"0":8,"1":1,"2":0,"3":3,"4":3,"5":1,"6":2,"7":1,"8":1,"9":1,"10":1},"f":{"0":8,"1":1,"2":0,"3":3,"4":1,"5":1},"b":{"0":[1]}}
[...]
art":{"line":39,"column":4},"end":{"line":39,"column":53}},"13":{"start":{"line":46,"column":4},"end":{"line":46,"column":35}},"14":{"start":{"line":47,"column":24},"end":{"line":47,"column":88}},"15":{"start":{"line":48,"column":4},"end":{"line":48,"column":45}},"16":{"start":{"line":52,"column":4},"end":{"line":52,"column":35}},"17":{"start":{"line":53,"column":4},"end":{"line":53,"column":37}},"18":{"start":{"line":57,"column":4},"end":{"line":57,"column":35}},"19":{"start":{"line":58,"column":24},"end":{"line":58,"column":89}},"20":{"start":{"line":59,"column":4},"end":{"line":59,"column":45}},"21":{"start":{"line":63,"column":17},"end":{"line":63,"column":51}},"22":{"start":{"line":64,"column":4},"end":{"line":66,"column":5}},"23":{"start":{"line":65,"column":6},"end":{"line":65,"column":48}},"24":{"start":{"line":67,"column":4},"end":{"line":67,"column":16}},"25":{"start":{"line":71,"column":49},"end":{"line":71,"column":53}},"26":{"start":{"line":72,"column":4},"end":{"line":72,"column":31}}},"fnMap":{"0":{"name":"(anonymous_0)","decl":{"start":{"line":9,"column":2},"end":{"line":9,"column":null}},"loc":{"start":{"line":9,"column":2},"end":{"line":11,"column":3}}},"1":{"name":"(anonymous_1)","decl":{"start":{"line":13,"column":2},"end":{"line":13,"column":7}},"loc":{"start":{"line":13,"column":19},"end":{"line":15,"column":3}}},"2":{"name":"(anonymous_2)","decl":{"start":{"line":17,"column":2},"end":{"line":17,"column":7}},"loc":{"start":{"line":17,"column":30},"end":{"line":20,"column":3}}},"3":{"name":"(anonymous_3)","decl":{"start":{"line":22,"column":2},"end":{"line":22,"column":7}},"loc":{"start":{"line":22,"column":22},"end":{"line":24,"column":3}}},"4":{"name":"(anonymous_4)","decl":{"start":{"line":26,"column":2},"end":{"line":26,"column":7}},"loc":{"start":{"line":26,"column":75},"end":{"line":40,"column":3}}},"5":{"name":"(anonymous_5)","decl":{"start":{"line":42,"column":2},"end":{"line":42,"column":7}},"loc":{"start":{"line":44,"column":56},"end":{"line":49,"column":3}}},"6":{"name":"(anonymous_6)","decl":{"start":{"line":51,"column":2},"end":{"line":51,"column":7}},"loc":{"start":{"line":51,"column":29},"end":{"line":54,"column":3}}},"7":{"name":"(anonymous_7)","decl":{"start":{"line":56,"column":2},"end":{"line":56,"column":7}},"loc":{"start":{"line":56,"column":59},"end":{"line":60,"column":3}}},"8":{"name":"(anonymous_8)","decl":{"start":{"line":62,"column":10},"end":{"line":62,"column":15}},"loc":{"start":{"line":62,"column":42},"end":{"line":68,"column":3}}},"9":{"name":"(anonymous_9)","decl":{"start":{"line":70,"column":10},"end":{"line":70,"column":25}},"loc":{"start":{"line":70,"column":39},"end":{"line":73,"column":3}}}},"branchMap":{"0":{"loc":{"start":{"line":29,"column":4},"end":{"line":31,"column":5}},"type":"if","locations":[{"start":{"line":29,"column":4},"end":{"line":31,"column":5}}]},"1":{"loc":{"start":{"line":34,"column":4},"end":{"line":36,"column":5}},"type":"if","locations":[{"start":{"line":34,"column":4},"end":{"line":36,"column":5}}]},"2":{"loc":{"start":{"line":64,"column":4},"end":{"line":66,"column":5}},"type":"if","locations":[{"start":{"line":64,"column":4},"end":{"line":66,"column":5}}]}},"s":{"0":9,"1":0,"2":1,"3":0,"4":0,"5":2,"6":2,"7":0,"8":2,"9":2,"10":1,"11":1,"12":1,"13":1,"14":1,"15":1,"16":1,"17":1,"18":0,"19":0,"20":0,"21":5,"22":5,"23":1,"24":4,"25":1,"26":1},"f":{"0":9,"1":0,"2":1,"3":0,"4":2,"5":1,"6":1,"7":0,"8":5,"9":1},"b":{"0":[0],"1":[1],"2":[1]}}
,"D:\\Kuliah\\Semester 5\\WEBPRO\\Tubes - API\\carbonquest-api\\src\\utils\\helpers.ts": {"path":"D:\\Kuliah\\Semester 5\\WEBPRO\\Tubes - API\\carbonquest-api\\src\\utils\\helpers.ts","statementMap":{"0":{"start":{"line":2,"column":17},"end":{"line":2,"column":27}},"1":{"start":{"line":3,"column":2},"end":{"line":7,"column":5}},"2":{"start":{"line":4,"column":4},"end":{"line":6,"column":5}},"3":{"start":{"line":5,"column":6},"end":{"line":5,"column":36}},"4":{"start":{"line":8,"column":2},"end":{"line":8,"column":16}},"5":{"start":{"line":12,"column":2},"end":{"line":12,"column":26}},"6":{"start":{"line":16,"column":2},"end":{"line":16,"column":30}}},"fnMap":{"0":{"name":"removeUndefinedFields","decl":{"start":{"line":1,"column":16},"end":{"line":1,"column":37}},"loc":{"start":{"line":1,"column":62},"end":{"line":9,"column":1}}},"1":{"name":"(anonymous_1)","decl":{"start":{"line":3,"column":30},"end":{"line":3,"column":31}},"loc":{"start":{"line":3,"column":38},"end":{"line":7,"column":3}}},"2":{"name":"parseId","decl":{"start":{"line":11,"column":16},"end":{"line":11,"column":23}},"loc":{"start":{"line":11,"column":34},"end":{"line":13,"column":1}}},"3":{"name":"buildFilePath","decl":{"start":{"line":15,"column":16},"end":{"line":15,"column":29}},"loc":{"start":{"line":15,"column":46},"end":{"line":17,"column":1}}}},"branchMap":{"0":{"loc":{"start":{"line":4,"column":4},"end":{"line":6,"column":5}},"type":"if","locations":[{"start":{"line":4,"column":4},"end":{"line":6,"column":5}}]}},"s":{"0":1,"1":1,"2":4,"3":1,"4":1,"5":6,"6":3},"f":{"0":1,"1":4,"2":6,"3":3},"b":{"0":[1]}}
,"D:\\Kuliah\\Semester 5\\WEBPRO\\Tubes - API\\carbonquest-api\\src\\utils\\response.ts": {"path":"D:\\Kuliah\\Semester 5\\WEBPRO\\Tubes - API\\carbonquest-api\\src\\utils\\response.ts","statementMap":{"0":{"start":{"line":12,"column":26},"end":{"line":12,"column":67}},"1":{"start":{"line":14,"column":37},"end":{"line":18,"column":6}},"2":{"start":{"line":19,"column":4},"end":{"line":19,"column":49}},"3":{"start":{"line":28,"column":34},"end":{"line":32,"column":6}},"4":{"start":{"line":33,"column":4},"end":{"line":33,"column":49}},"5":{"start":{"line":37,"column":4},"end":{"line":37,"column":49}},"6":{"start":{"line":41,"column":4},"end":{"line":41,"column":48}},"7":{"start":{"line":48,"column":4},"end":{"line":48,"column":52}},"8":{"start":{"line":52,"column":4},"end":{"line":52,"column":52}},"9":{"start":{"line":56,"column":4},"end":{"line":56,"column":48}}},"fnMap":{"0":{"name":"(anonymous_0)","decl":{"start":{"line":6,"column":2},"end":{"line":6,"column":8}},"loc":{"start":{"line":10,"column":28},"end":{"line":20,"column":3}}},"1":{"name":"(anonymous_1)","decl":{"start":{"line":22,"column":2},"end":{"line":22,"column":8}},"loc":{"start":{"line":26,"column":28},"end":{"line":34,"column":3}}},"2":{"name":"(anonymous_2)","decl":{"start":{"line":36,"column":2},"end":{"line":36,"column":8}},"loc":{"start":{"line":36,"column":60},"end":{"line":38,"column":3}}},"3":{"name":"(anonymous_3)","decl":{"start":{"line":40,"column":2},"end":{"line":40,"column":8}},"loc":{"start":{"line":40,"column":66},"end":{"line":42,"column":3}}},"4":{"name":"(anonymous_4)","decl":{"start":{"line":44,"column":2},"end":{"line":44,"column":8}},"loc":{"start":{"line":46,"column":36},"end":{"line":49,"column":3}}},"5":{"name":"(anonymous_5)","decl":{"start":{"line":51,"column":2},"end":{"line":51,"column":8}},"loc":{"start":{"line":51,"column":63},"end":{"line":53,"column":3}}},"6":{"name":"(anonymous_6)","decl":{"start":{"line":55,"column":2},"end":{"line":55,"column":8}},"loc":{"start":{"line":55,"column":64},"end":{"line":57,"column":3}}}},"branchMap":{"0":{"loc":{"start":{"line":10,"column":4},"end":{"line":10,"column":28}},"type":"default-arg","locations":[{"start":{"line":10,"column":25},"end":{"line":10,"column":28}}]},"1":{"loc":{"start":{"line":12,"column":26},"end":{"line":12,"column":67}},"type":"cond-expr","locations":[{"start":{"line":12,"column":33},"end":{"line":12,"column":60}},{"start":{"line":12,"column":63},"end":{"line":12,"column":67}}]},"2":{"loc":{"start":{"line":26,"column":4},"end":{"line":26,"column":28}},"type":"default-arg","locations":[{"start":{"line":26,"column":25},"end":{"line":26,"column":28}}]},"3":{"loc":{"start":{"line":46,"column":4},"end":{"line":46,"column":36}},"type":"default-arg","locations":[{"start":{"line":46,"column":22},"end":{"line":46,"column":36}}]},"4":{"loc":{"start":{"line":51,"column":34},"end":{"line":51,"column":63}},"type":"default-arg","locations":[{"start":{"line":51,"column":52},"end":{"line":51,"column":63}}]}},"s":{"0":10,"1":10,"2":10,"3":3,"4":3,"5":5,"6":0,"7":2,"8":1,"9":0},"f":{"0":10,"1":3,"2":5,"3":0,"4":2,"5":1,"6":0},"b":{"0":[5],"1":[10,0],"2":[0],"3":[0],"4":[0]}}
,"D:\\Kuliah\\Semester 5\\WEBPRO\\Tubes - API\\carbonquest-api\\src\\utils\\timezone.ts": {"path":"D:\\Kuliah\\Semester 5\\WEBPRO\\Tubes - API\\carbonquest-api\\src\\utils\\timezone.ts","statementMap":{"0":{"start":{"line":1,"column":25},"end":{"line":1,"column":39}},"1":{"start":{"line":2,"column":27},"end":{"line":2,"column":35}},"2":{"start":{"line":5,"column":2},"end":{"line":5,"column":25}},"3":{"start":{"line":5,"column":13},"end":{"line":5,"column":25}},"4":{"start":{"line":7,"column":12},"end":{"line":7,"column":60}},"5":{"start":{"line":9,"column":2},"end":{"line":17,"column":34}},"6":{"start":{"line":21,"column":2},"end":{"line":21,"column":52}},"7":{"start":{"line":21,"column":41},"end":{"line":21,"column":52}},"8":{"start":{"line":23,"column":2},"end":{"line":25,"column":3}},"9":{"start":{"line":24,"column":4},"end":{"line":24,"column":46}},"10":{"start":{"line":27,"column":2},"end":{"line":29,"column":3}},"11":{"start":{"line":28,"column":4},"end":{"line":28,"column":72}},"12":{"start":{"line":28,"column":27},"end":{"line":28,"column":54}},"13":{"start":{"line":31,"column":2},"end":{"line":49,"column":3}},"14":{"start":{"line":32,"column":44},"end":{"line":32,"column":46}},"15":{"start":{"line":34,"column":4},"end":{"line":46,"column":5}},"16":{"start":{"line":35,"column":26},"end":{"line":35,"column":69}},"17":{"start":{"line":37,"column":6},"end":{"line":45,"column":7}},"18":{"start":{"line":38,"column":8},"end":{"line":38,"column":43}},"19":{"start":{"line":39,"column":13},"end":{"line":45,"column":7}},"20":{"start":{"line":40,"column":8},"end":{"line":40,"column":43}},"21":{"start":{"line":41,"column":13},"end":{"line":45,"column":7}},"22":{"start":{"line":42,"column":8},"end":{"line":42,"column":51}},"23":{"start":{"line":44,"column":8},"end":{"line":44,"column":28}},"24":{"start":{"line":48,"column":4},"end":{"line":48,"column":23}},"25":{"start":{"line":51,"column":2},"end":{"line":51,"column":13}},"26":{"start":{"line":55,"column":2},"end":{"line":55,"column":58}},"27":{"start":{"line":59,"column":2},"end":{"line":59,"column":20}},"28":{"start":{"line":63,"column":16},"end":{"line":73,"column":10}},"29":{"start":{"line":71,"column":6},"end":{"line":71,"column":63}},"30":{"start":{"line":71,"column":35},"end":{"line":71,"column":63}},"31":{"start":{"line":72,"column":6},"end":{"line":72,"column":17}},"32":{"start":{"line":75,"column":15},"end":{"line":75,"column":25}},"33":{"start":{"line":76,"column":13},"end":{"line":76,"column":24}},"34":{"start":{"line":77,"column":13},"end":{"line":77,"column":22}},"35":{"start":{"line":79,"column":16},"end":{"line":79,"column":77}},"36":{"start":{"line":80,"column":14},"end":{"line":80,"column":61}},"37":{"start":{"line":81,"column":2},"end":{"line":81,"column":24}},"38":{"start":{"line":85,"column":30},"end":{"line":85,"column":54}},"39":{"start":{"line":87,"column":18},"end":{"line":90,"column":17}},"40":{"start":{"line":92,"column":47},"end":{"line":100,"column":4}},"41":{"start":{"line":102,"column":20},"end":{"line":102,"column":46}},"42":{"start":{"line":103,"column":16},"end":{"line":103,"column":78}},"43":{"start":{"line":104,"column":14},"end":{"line":104,"column":65}},"44":{"start":{"line":105,"column":2},"end":{"line":105,"column":24}},"45":{"start":{"line":109,"column":16},"end":{"line":118,"column":10}},"46":{"start":{"line":116,"column":6},"end":{"line":116,"column":63}},"47":{"start":{"line":116,"column":35},"end":{"line":116,"column":63}},"48":{"start":{"line":117,"column":6},"end":{"line":117,"column":17}},"49":{"start":{"line":120,"column":15},"end":{"line":120,"column":33}},"50":{"start":{"line":121,"column":13},"end":{"line":121,"column":32}},"51":{"start":{"line":123,"column":16},"end":{"line":123,"column":124}},"52":{"start":{"line":125,"column":20},"end":{"line":125,"column":42}},"53":{"start":{"line":126,"column":19},"end":{"line":126,"column":46}},"54":{"start":{"line":127,"column":14},"end":{"line":127,"column":133}},"55":{"start":{"line":128,"column":2},"end":{"line":128,"column":24}},"56":{"start":{"line":132,"column":2},"end":{"line":132,"column":25}},"57":{"start":{"line":132,"column":13},"end":{"line":132,"column":25}},"58":{"start":{"line":134,"column":12},"end":{"line":134,"column":60}},"59":{"start":{"line":136,"column":2},"end":{"line":144,"column":5}}},"fnMap":{"0":{"name":"toJakartaTime","decl":{"start":{"line":4,"column":16},"end":{"line":4,"column":29}},"loc":{"start":{"line":4,"column":68},"end":{"line":18,"column":1}}},"1":{"name":"convertDatesToJakarta","decl":{"start":{"line":20,"column":16},"end":{"line":20,"column":37}},"loc":{"start":{"line":20,"column":47},"end":{"line":52,"column":1}}},"2":{"name":"(anonymous_2)","decl":{"start":{"line":28,"column":19},"end":{"line":28,"column":23}},"loc":{"start":{"line":28,"column":27},"end":{"line":28,"column":54}}},"3":{"name":"isISODateString","decl":{"start":{"line":54,"column":9},"end":{"line":54,"column":24}},"loc":{"start":{"line":54,"column":36},"end":{"line":56,"column":1}}},"4":{"name":"nowJakarta","decl":{"start":{"line":58,"column":16},"end":{"line":58,"column":26}},"loc":{"start":{"line":58,"column":26},"end":{"line":60,"column":1}}},"5":{"name":"getJakartaDayRange","decl":{"start":{"line":62,"column":16},"end":{"line":62,"column":34}},"loc":{"start":{"line":62,"column":58},"end":{"line":82,"column":1}}},"6":{"name":"(anonymous_6)","decl":{"start":{"line":70,"column":36},"end":{"line":70,"column":37}},"loc":{"start":{"line":70,"column":50},"end":{"line":73,"column":5}}},"7":{"name":"getJakartaWeekRange","decl":{"start":{"line":84,"column":16},"end":{"line":84,"column":35}},"loc":{"start":{"line":84,"column":59},"end":{"line":106,"column":1}}},"8":{"name":"getJakartaMonthRange","decl":{"start":{"line":108,"column":16},"end":{"line":108,"column":36}},"loc":{"start":{"line":108,"column":60},"end":{"line":129,"column":1}}},"9":{"name":"(anonymous_9)","decl":{"start":{"line":115,"column":36},"end":{"line":115,"column":37}},"loc":{"start":{"line":115,"column":50},"end":{"line":118,"column":5}}},"10":{"name":"formatDateIndonesia","decl":{"start":{"line":131,"column":16},"end":{"line":131,"column":35}},"loc":{"start":{"line":131,"column":74},"end":{"line":145,"column":1}}}},"branchMap":{"0":{"loc":{"start":{"line":5,"column":2},"end":{"line":5,"column":25}},"type":"if","locations":[{"start":{"line":5,"column":2},"end":{"line":5,"column":25}}]},"1":{"loc":{"start":{"line":7,"column":12},"end":{"line":7,"column":60}},"type":"cond-expr","locations":[{"start":{"line":7,"column":39},"end":{"line":7,"column":53}},{"start":{"line":7,"column":56},"end":{"line":7,"column":60}}]},"2":{"loc":{"start":{"line":21,"column":2},"end":{"line":21,"column":52}},"type":"if","locations":[{"start":{"line":21,"column":2},"end":{"line":21,"column":52}}]},"3":{"loc":{"start":{"line":21,"column":6},"end":{"line":21,"column":39}},"type":"binary-expr","locations":[{"start":{"line":21,"column":6},"end":{"line":21,"column":18}},{"start":{"line":21,"column":22},"end":{"line":21,"column":39}}]},"4":{"loc":{"start":{"line":23,"column":2},"end":{"line":25,"column":3}},"type":"if","locations":[{"start":{"line":23,"column":2},"end":{"line":25,"column":3}}]},"5":{"loc":{"start":{"line":27,"column":2},"end":{"line":29,"column":3}},"type":"if","locations":[{"start":{"line":27,"column":2},"end":{"line":29,"column":3}}]},"6":{"loc":{"start":{"line":31,"column":2},"end":{"line":49,"column":3}},"type":"if","locations":[{"start":{"line":31,"column":2},"end":{"line":49,"column":3}}]},"7":{"loc":{"start":{"line":37,"column":6},"end":{"line":45,"column":7}},"type":"if","locations":[{"start":{"line":37,"column":6},"end":{"line":45,"column":7}},{"start":{"line":39,"column":13},"end":{"line":45,"column":7}}]},"8":{"loc":{"start":{"line":37,"column":10},"end":{"line":37,"column":46}},"type":"binary-expr","locations":[{"start":{"line":37,"column":10},"end":{"line":37,"column":21}},{"start":{"line":37,"column":25},"end":{"line":37,"column":46}}]},"9":{"loc":{"start":{"line":39,"column":13},"end":{"line":45,"column":7}},"type":"if","locations":[{"start":{"line":39,"column":13},"end":{"line":45,"column":7}},{"start":{"line":41,"column":13},"end":{"line":45,"column":7}}]},"10":{"loc":{"start":{"line":39,"column":17},"end":{"line":39,"column":83}},"type":"binary-expr","locations":[{"start":{"line":39,"column":17},"end":{"line":39,"column":28}},{"start":{"line":39,"column":32},"end":{"line":39,"column":57}},{"start":{"line":39,"column":61},"end":{"line":39,"column":83}}]},"11":{"loc":{"start":{"line":41,"column":13},"end":{"line":45,"column":7}},"type":"if","locations":[{"start":{"line":41,"column":13},"end":{"line":45,"column":7}},{"start":{"line":43,"column":13},"end":{"line":45,"column":7}}]},"12":{"loc":{"start":{"line":41,"column":17},"end":{"line":41,"column":60}},"type":"binary-expr","locations":[{"start":{"line":41,"column":17},"end":{"line":41,"column":42}},{"start":{"line":41,"column":46},"end":{"line":41,"column":60}}]},"13":{"loc":{"start":{"line":62,"column":35},"end":{"line":62,"column":58}},"type":"default-arg","locations":[{"start":{"line":62,"column":48},"end":{"line":62,"column":58}}]},"14":{"loc":{"start":{"line":71,"column":6},"end":{"line":71,"column":63}},"type":"if","locations":[{"start":{"line":71,"column":6},"end":{"line":71,"column":63}}]},"15":{"loc":{"start":{"line":84,"column":36},"end":{"line":84,"column":59}},"type":"default-arg","locations":[{"start":{"line":84,"column":49},"end":{"line":84,"column":59}}]},"16":{"loc":{"start":{"line":102,"column":20},"end":{"line":102,"column":46}},"type":"binary-expr","locations":[{"start":{"line":102,"column":20},"end":{"line":102,"column":41}},{"start":{"line":102,"column":45},"end":{"line":102,"column":46}}]},"17":{"loc":{"start":{"line":108,"column":37},"end":{"line":108,"column":60}},"type":"default-arg","locations":[{"start":{"line":108,"column":50},"end":{"line":108,"column":60}}]},"18":{"loc":{"start":{"line":116,"column":6},"end":{"line":116,"column":63}},"type":"if","locations":[{"start":{"line":116,"column":6},"end":{"line":116,"column":63}}]},"19":{"loc":{"start":{"line":125,"column":20},"end":{"line":125,"column":42}},"type":"cond-expr","locations":[{"start":{"line":125,"column":32},"end":{"line":125,"column":33}},{"start":{"line":125,"column":36},"end":{"line":125,"column":42}}]},"20":{"loc":{"start":{"line":126,"column":19},"end":{"line":126,"column":46}},"type":"cond-expr","locations":[{"start":{"line":126,"column":31},"end":{"line":126,"column":39}},{"start":{"line":126,"column":42},"end":{"line":126,"column":46}}]},"21":{"loc":{"start":{"line":132,"column":2},"end":{"line":132,"column":25}},"type":"if","locations":[{"start":{"line":132,"column":2},"end":{"line":132,"column":25}}]},"22":{"loc":{"start":{"line":134,"column":12},"end":{"line":134,"column":60}},"type":"cond-expr","locations":[{"start":{"line":134,"column":39},"end":{"line":134,"column":53}},{"start":{"line":134,"column":56},"end":{"line":134,"column":60}}]}},"s":{"0":13,"1":13,"2":3,"3":0,"4":3,"5":3,"6":13,"7":0,"8":13,"9":0,"10":13,"11":5,"12":0,"13":8,"14":8,"15":8,"16":12,"17":12,"18":1,"19":11,"20":1,"21":10,"22":2,"23":8,"24":8,"25":0,"26":1,"27":0,"28":4,"29":20,"30":12,"31":20,"32":4,"33":4,"34":4,"35":4,"36":4,"37":4,"38":1,"39":1,"40":1,"41":1,"42":1,"43":1,"44":1,"45":1,"46":3,"47":2,"48":3,"49":1,"50":1,"51":1,"52":1,"53":1,"54":1,"55":1,"56":1,"57":0,"58":1,"59":1},"f":{"0":3,"1":13,"2":0,"3":1,"4":0,"5":4,"6":20,"7":1,"8":1,"9":3,"10":1},"b":{"0":[0],"1":[2,1],"2":[0],"3":[13,13],"4":[0],"5":[5],"6":[8],"7":[1,11],"8":[12,2],"9":[1,10],"10":[11,1,1],"11":[2,8],"12":[10,2],"13":[0],"14":[12],"15":[0],"16":[1,0],"17":[0],"18":[2],"19":[0,1],"20":[0,1],"21":[0],"22":[1,0]}}
}
