TN:
SF:src\app.ts
FN:18,(anonymous_0)
FN:50,(anonymous_1)
FNF:2
FNH:2
FNDA:2,(anonymous_0)
FNDA:1,(anonymous_1)
DA:18,1
DA:19,2
DA:21,2
DA:23,2
DA:24,2
DA:25,2
DA:50,2
DA:51,1
DA:57,2
DA:66,2
DA:67,2
DA:68,2
DA:69,2
DA:70,2
DA:71,2
DA:72,2
DA:73,2
DA:74,2
DA:75,2
DA:77,2
DA:79,2
LF:21
LH:21
BRF:0
BRH:0
end_of_record
TN:
SF:src\__tests__\test-helpers.ts
FN:3,(anonymous_0)
FN:10,(anonymous_1)
FNF:2
FNH:2
FNDA:24,(anonymous_0)
FNDA:24,(anonymous_1)
DA:3,10
DA:4,24
DA:5,24
DA:6,24
DA:7,24
DA:10,10
DA:11,24
LF:7
LH:7
BRF:0
BRH:0
end_of_record
TN:
SF:src\config\swagger.ts
FNF:0
FNH:0
DA:3,1
DA:320,1
LF:2
LH:2
BRF:0
BRH:0
end_of_record
TN:
SF:src\controllers\article.controller.ts
FN:14,(anonymous_0)
FN:18,(anonymous_1)
FN:45,(anonymous_2)
FN:58,(anonymous_3)
FN:72,(anonymous_4)
FN:100,(anonymous_5)
FNF:6
FNH:4
FNDA:4,(anonymous_0)
FNDA:1,(anonymous_1)
FNDA:1,(anonymous_2)
FNDA:0,(anonymous_3)
FNDA:0,(anonymous_4)
FNDA:1,(anonymous_5)
DA:15,4
DA:18,4
DA:23,1
DA:24,1
DA:38,1
DA:39,1
DA:41,0
DA:45,4
DA:50,1
DA:51,1
DA:52,1
DA:54,0
DA:58,4
DA:63,0
DA:64,0
DA:65,0
DA:66,0
DA:68,0
DA:72,4
DA:77,0
DA:78,0
DA:79,0
DA:93,0
DA:94,0
DA:96,0
DA:100,4
DA:105,1
DA:106,1
DA:107,1
DA:108,0
DA:110,1
LF:31
LH:17
BRDA:35,0,0,1
BRDA:35,0,1,0
BRDA:90,1,0,0
BRDA:90,1,1,0
BRF:4
BRH:1
end_of_record
TN:
SF:src\controllers\auth.controller.ts
FN:13,(anonymous_0)
FN:17,(anonymous_1)
FN:31,(anonymous_2)
FN:45,(anonymous_3)
FN:59,(anonymous_4)
FNF:5
FNH:3
FNDA:3,(anonymous_0)
FNDA:1,(anonymous_1)
FNDA:1,(anonymous_2)
FNDA:0,(anonymous_3)
FNDA:0,(anonymous_4)
DA:14,3
DA:17,3
DA:22,1
DA:23,1
DA:24,1
DA:25,1
DA:27,0
DA:31,3
DA:36,1
DA:37,1
DA:38,1
DA:39,0
DA:41,1
DA:45,3
DA:50,0
DA:51,0
DA:52,0
DA:53,0
DA:55,0
DA:59,3
DA:64,0
DA:65,0
DA:66,0
DA:67,0
DA:69,0
LF:25
LH:13
BRF:0
BRH:0
end_of_record
TN:
SF:src\controllers\mission.controller.ts
FN:14,(anonymous_0)
FN:18,(anonymous_1)
FN:43,(anonymous_2)
FN:56,(anonymous_3)
FN:70,(anonymous_4)
FN:96,(anonymous_5)
FNF:6
FNH:3
FNDA:3,(anonymous_0)
FNDA:1,(anonymous_1)
FNDA:0,(anonymous_2)
FNDA:1,(anonymous_3)
FNDA:0,(anonymous_4)
FNDA:0,(anonymous_5)
DA:15,3
DA:18,3
DA:23,1
DA:24,1
DA:36,1
DA:37,1
DA:39,0
DA:43,3
DA:48,0
DA:49,0
DA:50,0
DA:52,0
DA:56,3
DA:61,1
DA:62,1
DA:63,1
DA:64,0
DA:66,1
DA:70,3
DA:75,0
DA:76,0
DA:77,0
DA:89,0
DA:90,0
DA:92,0
DA:96,3
DA:101,0
DA:102,0
DA:103,0
DA:104,0
DA:106,0
LF:31
LH:14
BRDA:27,0,0,1
BRDA:27,0,1,1
BRDA:31,1,0,1
BRDA:31,1,1,0
BRDA:33,2,0,1
BRDA:33,2,1,0
BRDA:80,3,0,0
BRDA:80,3,1,0
BRDA:84,4,0,0
BRDA:84,4,1,0
BRDA:86,5,0,0
BRDA:86,5,1,0
BRF:12
BRH:4
end_of_record
TN:
SF:src\controllers\organization.controller.ts
FN:9,(anonymous_0)
FN:13,(anonymous_1)
FN:26,(anonymous_2)
FNF:3
FNH:3
FNDA:3,(anonymous_0)
FNDA:1,(anonymous_1)
FNDA:1,(anonymous_2)
DA:10,3
DA:13,3
DA:18,1
DA:19,1
DA:20,1
DA:22,0
DA:26,3
DA:31,1
DA:32,1
DA:33,1
DA:34,0
DA:36,1
LF:12
LH:10
BRF:0
BRH:0
end_of_record
TN:
SF:src\controllers\quiz.controller.ts
FN:14,(anonymous_0)
FN:18,(anonymous_1)
FN:32,(anonymous_2)
FN:45,(anonymous_3)
FN:59,(anonymous_4)
FN:73,(anonymous_5)
FN:87,(anonymous_6)
FNF:7
FNH:3
FNDA:3,(anonymous_0)
FNDA:1,(anonymous_1)
FNDA:0,(anonymous_2)
FNDA:0,(anonymous_3)
FNDA:0,(anonymous_4)
FNDA:0,(anonymous_5)
FNDA:1,(anonymous_6)
DA:15,3
DA:18,3
DA:23,1
DA:24,1
DA:25,1
DA:26,1
DA:28,0
DA:32,3
DA:37,0
DA:38,0
DA:39,0
DA:41,0
DA:45,3
DA:50,0
DA:51,0
DA:52,0
DA:53,0
DA:55,0
DA:59,3
DA:64,0
DA:65,0
DA:66,0
DA:67,0
DA:69,0
DA:73,3
DA:78,0
DA:79,0
DA:80,0
DA:81,0
DA:83,0
DA:87,3
DA:92,1
DA:93,1
DA:94,1
DA:95,0
DA:97,1
LF:36
LH:15
BRF:0
BRH:0
end_of_record
TN:
SF:src\controllers\session.controller.ts
FN:9,(anonymous_0)
FN:13,(anonymous_1)
FN:26,(anonymous_2)
FNF:3
FNH:3
FNDA:3,(anonymous_0)
FNDA:1,(anonymous_1)
FNDA:1,(anonymous_2)
DA:10,3
DA:13,3
DA:18,1
DA:19,1
DA:20,1
DA:22,0
DA:26,3
DA:31,1
DA:32,1
DA:33,1
DA:34,1
DA:36,0
LF:12
LH:10
BRDA:32,0,0,0
BRDA:32,0,1,1
BRF:2
BRH:1
end_of_record
TN:
SF:src\controllers\user-mission.controller.ts
FN:14,(anonymous_0)
FN:18,(anonymous_1)
FN:32,(anonymous_2)
FN:47,(anonymous_3)
FNF:4
FNH:3
FNDA:3,(anonymous_0)
FNDA:1,(anonymous_1)
FNDA:1,(anonymous_2)
FNDA:0,(anonymous_3)
DA:15,3
DA:18,3
DA:23,1
DA:24,1
DA:25,1
DA:26,1
DA:28,0
DA:32,3
DA:37,1
DA:38,1
DA:39,1
DA:40,1
DA:41,0
DA:43,1
DA:47,3
DA:52,0
DA:53,0
DA:54,0
DA:56,0
LF:19
LH:13
BRF:0
BRH:0
end_of_record
TN:
SF:src\controllers\user.controller.ts
FN:11,(anonymous_0)
FN:15,(anonymous_1)
FN:28,(anonymous_2)
FN:41,(anonymous_3)
FN:55,(anonymous_4)
FN:69,(anonymous_5)
FN:85,(anonymous_6)
FN:104,(anonymous_7)
FN:125,(anonymous_8)
FNF:9
FNH:5
FNDA:4,(anonymous_0)
FNDA:1,(anonymous_1)
FNDA:0,(anonymous_2)
FNDA:0,(anonymous_3)
FNDA:0,(anonymous_4)
FNDA:1,(anonymous_5)
FNDA:0,(anonymous_6)
FNDA:1,(anonymous_7)
FNDA:2,(anonymous_8)
DA:12,4
DA:15,4
DA:20,1
DA:21,1
DA:22,1
DA:24,0
DA:28,4
DA:33,0
DA:34,0
DA:35,0
DA:37,0
DA:41,4
DA:46,0
DA:47,0
DA:48,0
DA:49,0
DA:51,0
DA:55,4
DA:60,0
DA:61,0
DA:62,0
DA:63,0
DA:65,0
DA:69,4
DA:74,1
DA:75,1
DA:76,1
DA:78,0
DA:79,0
DA:81,1
DA:85,4
DA:90,0
DA:91,0
DA:93,0
DA:94,0
DA:97,0
DA:98,0
DA:100,0
DA:104,4
DA:109,1
DA:110,1
DA:111,1
DA:113,1
DA:114,1
DA:117,0
DA:118,0
DA:119,0
DA:121,1
DA:126,2
DA:127,1
LF:50
LH:23
BRDA:93,0,0,0
BRDA:113,1,0,1
BRDA:126,2,0,1
BRF:3
BRH:2
end_of_record
TN:
SF:src\middleware\auth.middleware.ts
FN:8,(anonymous_0)
FN:11,(anonymous_1)
FN:38,(anonymous_2)
FNF:3
FNH:3
FNDA:34,(anonymous_0)
FNDA:4,(anonymous_1)
FNDA:4,(anonymous_2)
DA:6,4
DA:8,4
DA:11,34
DA:12,4
DA:14,4
DA:15,1
DA:16,1
DA:19,3
DA:21,3
DA:22,3
DA:23,2
DA:25,2
DA:26,1
DA:27,1
DA:30,1
DA:32,1
DA:33,1
DA:38,4
DA:41,4
LF:19
LH:19
BRDA:6,0,0,4
BRDA:6,0,1,4
BRDA:14,1,0,1
BRDA:25,2,0,1
BRDA:25,3,0,2
BRDA:25,3,1,2
BRF:6
BRH:6
end_of_record
TN:
SF:src\middleware\error.middleware.ts
FN:8,(anonymous_0)
FN:20,(anonymous_1)
FNF:2
FNH:2
FNDA:16,(anonymous_0)
FNDA:2,(anonymous_1)
DA:13,16
DA:14,16
DA:15,16
DA:16,16
DA:20,14
DA:26,2
DA:27,1
DA:32,1
DA:33,1
DA:36,1
DA:37,1
DA:42,1
LF:12
LH:12
BRDA:10,0,0,0
BRDA:11,1,0,16
BRDA:26,2,0,1
BRDA:40,3,0,0
BRDA:40,3,1,1
BRF:5
BRH:3
end_of_record
TN:
SF:src\middleware\rate-limit.middleware.ts
FNF:0
FNH:0
DA:3,1
DA:14,1
DA:25,1
LF:3
LH:3
BRF:0
BRH:0
end_of_record
TN:
SF:src\middleware\upload.middleware.ts
FN:11,(anonymous_0)
FN:14,(anonymous_1)
FN:29,(anonymous_2)
FNF:3
FNH:0
FNDA:0,(anonymous_0)
FNDA:0,(anonymous_1)
FNDA:0,(anonymous_2)
DA:5,1
DA:6,1
DA:7,0
DA:10,1
DA:12,0
DA:15,0
DA:16,0
DA:20,1
DA:27,1
DA:29,1
DA:30,0
DA:31,0
DA:35,0
DA:36,0
DA:39,0
DA:42,1
LF:16
LH:7
BRDA:6,0,0,0
BRDA:31,1,0,0
BRDA:31,1,1,0
BRDA:35,2,0,0
BRDA:35,3,0,0
BRDA:35,3,1,0
BRF:6
BRH:0
end_of_record
TN:
SF:src\prisma\client.ts
FN:3,(anonymous_0)
FNF:1
FNH:1
FNDA:17,(anonymous_0)
DA:3,17
DA:4,17
DA:11,17
DA:15,17
LF:4
LH:4
BRDA:11,0,0,17
BRDA:11,0,1,17
BRDA:15,1,0,17
BRF:3
BRH:3
end_of_record
TN:
SF:src\repositories\article.repository.ts
FN:5,(anonymous_0)
FN:11,(anonymous_1)
FN:18,(anonymous_2)
FN:29,(anonymous_3)
FN:39,(anonymous_4)
FNF:5
FNH:0
FNDA:0,(anonymous_0)
FNDA:0,(anonymous_1)
FNDA:0,(anonymous_2)
FNDA:0,(anonymous_3)
FNDA:0,(anonymous_4)
DA:6,0
DA:12,0
DA:21,0
DA:33,0
DA:40,0
LF:5
LH:0
BRF:0
BRH:0
end_of_record
TN:
SF:src\repositories\mission.repository.ts
FN:5,(anonymous_0)
FN:11,(anonymous_1)
FN:18,(anonymous_2)
FN:26,(anonymous_3)
FN:36,(anonymous_4)
FNF:5
FNH:0
FNDA:0,(anonymous_0)
FNDA:0,(anonymous_1)
FNDA:0,(anonymous_2)
FNDA:0,(anonymous_3)
FNDA:0,(anonymous_4)
DA:6,0
DA:12,0
DA:21,0
DA:30,0
DA:37,0
LF:5
LH:0
BRF:0
BRH:0
end_of_record
TN:
SF:src\repositories\organization.repository.ts
FN:5,(anonymous_0)
FN:11,(anonymous_1)
FN:17,(anonymous_2)
FN:21,(anonymous_3)
FN:27,(anonymous_4)
FNF:5
FNH:0
FNDA:0,(anonymous_0)
FNDA:0,(anonymous_1)
FNDA:0,(anonymous_2)
FNDA:0,(anonymous_3)
FNDA:0,(anonymous_4)
DA:6,0
DA:12,0
DA:18,0
DA:22,0
DA:28,0
LF:5
LH:0
BRF:0
BRH:0
end_of_record
TN:
SF:src\repositories\quiz.repository.ts
FN:11,(anonymous_0)
FN:22,(anonymous_1)
FN:35,(anonymous_2)
FN:46,(anonymous_3)
FN:54,(anonymous_4)
FN:58,(anonymous_5)
FN:75,(anonymous_6)
FN:85,(anonymous_7)
FN:97,(anonymous_8)
FN:101,(anonymous_9)
FN:105,(anonymous_10)
FN:116,(anonymous_11)
FN:126,(anonymous_12)
FN:131,(anonymous_13)
FN:134,(anonymous_14)
FN:152,(anonymous_15)
FN:175,(anonymous_16)
FN:186,(anonymous_17)
FN:195,(anonymous_18)
FN:214,(anonymous_19)
FN:219,(anonymous_20)
FN:222,(anonymous_21)
FN:242,(anonymous_22)
FN:255,(anonymous_23)
FN:259,(anonymous_24)
FN:267,(anonymous_25)
FN:271,(anonymous_26)
FNF:27
FNH:0
FNDA:0,(anonymous_0)
FNDA:0,(anonymous_1)
FNDA:0,(anonymous_2)
FNDA:0,(anonymous_3)
FNDA:0,(anonymous_4)
FNDA:0,(anonymous_5)
FNDA:0,(anonymous_6)
FNDA:0,(anonymous_7)
FNDA:0,(anonymous_8)
FNDA:0,(anonymous_9)
FNDA:0,(anonymous_10)
FNDA:0,(anonymous_11)
FNDA:0,(anonymous_12)
FNDA:0,(anonymous_13)
FNDA:0,(anonymous_14)
FNDA:0,(anonymous_15)
FNDA:0,(anonymous_16)
FNDA:0,(anonymous_17)
FNDA:0,(anonymous_18)
FNDA:0,(anonymous_19)
FNDA:0,(anonymous_20)
FNDA:0,(anonymous_21)
FNDA:0,(anonymous_22)
FNDA:0,(anonymous_23)
FNDA:0,(anonymous_24)
FNDA:0,(anonymous_25)
FNDA:0,(anonymous_26)
DA:12,0
DA:23,0
DA:36,0
DA:47,0
DA:54,0
DA:58,0
DA:76,0
DA:86,0
DA:88,0
DA:89,0
DA:90,0
DA:91,0
DA:94,0
DA:98,0
DA:102,0
DA:106,0
DA:117,0
DA:127,0
DA:131,0
DA:138,0
DA:140,0
DA:141,0
DA:142,0
DA:143,0
DA:145,0
DA:149,0
DA:156,0
DA:160,0
DA:161,0
DA:164,0
DA:172,0
DA:180,0
DA:186,0
DA:199,0
DA:200,0
DA:202,0
DA:203,0
DA:204,0
DA:205,0
DA:207,0
DA:211,0
DA:215,0
DA:219,0
DA:226,0
DA:230,0
DA:231,0
DA:235,0
DA:238,0
DA:239,0
DA:246,0
DA:259,0
DA:260,0
DA:261,0
DA:271,0
DA:272,0
DA:273,0
LF:56
LH:0
BRDA:56,0,0,0
BRDA:56,0,1,0
BRDA:60,1,0,0
BRDA:60,1,1,0
BRDA:88,2,0,0
BRDA:141,3,0,0
BRDA:141,3,1,0
BRDA:160,4,0,0
BRDA:168,5,0,0
BRDA:168,5,1,0
BRDA:184,6,0,0
BRDA:184,6,1,0
BRDA:188,7,0,0
BRDA:188,7,1,0
BRDA:203,8,0,0
BRDA:203,8,1,0
BRDA:205,9,0,0
BRDA:230,10,0,0
BRDA:233,11,0,0
BRDA:233,11,1,0
BRDA:250,12,0,0
BRDA:250,12,1,0
BRDA:260,13,0,0
BRDA:272,14,0,0
BRF:24
BRH:0
end_of_record
TN:
SF:src\repositories\session.repository.ts
FN:5,(anonymous_0)
FN:19,(anonymous_1)
FN:26,(anonymous_2)
FN:37,(anonymous_3)
FN:58,(anonymous_4)
FN:69,(anonymous_5)
FN:76,(anonymous_6)
FN:87,(anonymous_7)
FNF:8
FNH:0
FNDA:0,(anonymous_0)
FNDA:0,(anonymous_1)
FNDA:0,(anonymous_2)
FNDA:0,(anonymous_3)
FNDA:0,(anonymous_4)
FNDA:0,(anonymous_5)
FNDA:0,(anonymous_6)
FNDA:0,(anonymous_7)
DA:6,0
DA:20,0
DA:27,0
DA:43,0
DA:55,0
DA:59,0
DA:61,0
DA:66,0
DA:70,0
DA:71,0
DA:72,0
DA:73,0
DA:77,0
DA:88,0
LF:14
LH:0
BRDA:12,0,0,0
BRDA:12,0,1,0
BRDA:13,1,0,0
BRDA:13,1,1,0
BRDA:14,2,0,0
BRDA:14,2,1,0
BRDA:58,3,0,0
BRF:7
BRH:0
end_of_record
TN:
SF:src\repositories\user-mission.repository.ts
FN:5,(anonymous_0)
FN:19,(anonymous_1)
FN:29,(anonymous_2)
FNF:3
FNH:0
FNDA:0,(anonymous_0)
FNDA:0,(anonymous_1)
FNDA:0,(anonymous_2)
DA:8,0
DA:23,0
DA:30,0
LF:3
LH:0
BRF:0
BRH:0
end_of_record
TN:
SF:src\repositories\user.repository.ts
FN:14,(anonymous_0)
FN:18,(anonymous_1)
FN:22,(anonymous_2)
FN:26,(anonymous_3)
FN:30,(anonymous_4)
FN:34,(anonymous_5)
FN:41,(anonymous_6)
FN:45,(anonymous_7)
FN:54,(anonymous_8)
FN:64,(anonymous_9)
FN:67,(anonymous_10)
FN:68,(anonymous_11)
FNF:12
FNH:0
FNDA:0,(anonymous_0)
FNDA:0,(anonymous_1)
FNDA:0,(anonymous_2)
FNDA:0,(anonymous_3)
FNDA:0,(anonymous_4)
FNDA:0,(anonymous_5)
FNDA:0,(anonymous_6)
FNDA:0,(anonymous_7)
FNDA:0,(anonymous_8)
FNDA:0,(anonymous_9)
FNDA:0,(anonymous_10)
FNDA:0,(anonymous_11)
DA:15,0
DA:19,0
DA:23,0
DA:27,0
DA:31,0
DA:35,0
DA:42,0
DA:46,0
DA:53,0
DA:54,0
DA:64,0
DA:68,0
LF:12
LH:0
BRDA:68,0,0,0
BRDA:68,0,1,0
BRF:2
BRH:0
end_of_record
TN:
SF:src\routes\article.routes.ts
FNF:0
FNH:0
DA:7,1
DA:8,1
DA:71,1
DA:95,1
DA:126,1
DA:189,1
DA:224,1
LF:7
LH:7
BRF:0
BRH:0
end_of_record
TN:
SF:src\routes\auth.routes.ts
FNF:0
FNH:0
DA:4,1
DA:5,1
DA:74,1
DA:125,1
DA:169,1
DA:206,1
LF:6
LH:6
BRF:0
BRH:0
end_of_record
TN:
SF:src\routes\file.routes.ts
FN:66,(anonymous_0)
FN:90,hasPathTraversal
FNF:2
FNH:0
FNDA:0,(anonymous_0)
FNDA:0,hasPathTraversal
DA:5,1
DA:7,1
DA:8,1
DA:66,1
DA:67,0
DA:69,0
DA:70,0
DA:73,0
DA:75,0
DA:76,0
DA:79,0
DA:81,0
DA:82,0
DA:85,0
DA:86,0
DA:87,0
DA:91,0
LF:17
LH:4
BRDA:69,0,0,0
BRDA:75,1,0,0
BRDA:81,2,0,0
BRDA:91,3,0,0
BRDA:91,3,1,0
BRDA:91,3,2,0
BRF:6
BRH:0
end_of_record
TN:
SF:src\routes\mission.routes.ts
FNF:0
FNH:0
DA:7,1
DA:8,1
DA:65,1
DA:89,1
DA:120,1
DA:179,1
DA:214,1
LF:7
LH:7
BRF:0
BRH:0
end_of_record
TN:
SF:src\routes\organization.routes.ts
FNF:0
FNH:0
DA:5,1
DA:6,1
DA:26,1
DA:72,1
LF:4
LH:4
BRF:0
BRH:0
end_of_record
TN:
SF:src\routes\quiz.routes.ts
FNF:0
FNH:0
DA:5,1
DA:6,1
DA:71,1
DA:93,1
DA:121,1
DA:183,1
DA:211,1
DA:251,1
LF:8
LH:8
BRF:0
BRH:0
end_of_record
TN:
SF:src\routes\session.routes.ts
FNF:0
FNH:0
DA:5,1
DA:6,1
DA:26,1
DA:92,1
LF:4
LH:4
BRF:0
BRH:0
end_of_record
TN:
SF:src\routes\user-mission.routes.ts
FNF:0
FNH:0
DA:5,1
DA:6,1
DA:38,1
DA:84,1
DA:108,1
LF:5
LH:5
BRF:0
BRH:0
end_of_record
TN:
SF:src\routes\user.routes.ts
FNF:0
FNH:0
DA:7,1
DA:8,1
DA:39,1
DA:95,1
DA:135,1
DA:179,1
DA:240,1
DA:273,1
DA:329,1
LF:9
LH:9
BRF:0
BRH:0
end_of_record
TN:
SF:src\services\article.service.ts
FN:8,(anonymous_0)
FN:12,(anonymous_1)
FN:16,(anonymous_2)
FN:20,(anonymous_3)
FN:28,(anonymous_4)
FN:33,(anonymous_5)
FNF:6
FNH:5
FNDA:8,(anonymous_0)
FNDA:1,(anonymous_1)
FNDA:0,(anonymous_2)
FNDA:3,(anonymous_3)
FNDA:1,(anonymous_4)
FNDA:1,(anonymous_5)
DA:9,8
DA:13,1
DA:17,0
DA:21,3
DA:22,3
DA:23,1
DA:25,2
DA:29,1
DA:30,1
DA:34,1
DA:35,1
LF:11
LH:10
BRDA:22,0,0,1
BRF:1
BRH:1
end_of_record
TN:
SF:src\services\auth.service.ts
FN:18,(anonymous_0)
FN:23,(anonymous_1)
FN:44,(anonymous_2)
FN:58,(anonymous_3)
FN:77,(anonymous_4)
FN:91,(anonymous_5)
FN:97,(anonymous_6)
FN:103,(anonymous_7)
FN:107,(anonymous_8)
FN:111,(anonymous_9)
FN:116,(anonymous_10)
FNF:11
FNH:11
FNDA:10,(anonymous_0)
FNDA:3,(anonymous_1)
FNDA:2,(anonymous_2)
FNDA:1,(anonymous_3)
FNDA:1,(anonymous_4)
FNDA:4,(anonymous_5)
FNDA:3,(anonymous_6)
FNDA:2,(anonymous_7)
FNDA:3,(anonymous_8)
FNDA:2,(anonymous_9)
FNDA:1,(anonymous_10)
DA:19,10
DA:20,10
DA:24,3
DA:26,2
DA:27,2
DA:28,1
DA:31,1
DA:38,1
DA:45,2
DA:47,2
DA:48,2
DA:49,1
DA:52,1
DA:59,1
DA:61,1
DA:62,1
DA:63,0
DA:66,1
DA:71,1
DA:78,1
DA:80,1
DA:81,1
DA:82,1
DA:85,0
DA:92,4
DA:93,1
DA:98,3
DA:99,0
DA:104,2
DA:108,3
DA:112,2
DA:113,2
DA:117,1
DA:118,1
LF:34
LH:31
BRDA:27,0,0,1
BRDA:33,1,0,0
BRDA:33,1,1,1
BRDA:48,2,0,1
BRDA:48,3,0,2
BRDA:48,3,1,2
BRDA:62,4,0,0
BRDA:81,5,0,1
BRDA:81,6,0,1
BRDA:81,6,1,1
BRDA:92,7,0,1
BRDA:92,8,0,4
BRDA:92,8,1,3
BRDA:92,8,2,3
BRDA:98,9,0,0
BRDA:98,10,0,3
BRDA:98,10,1,3
BRF:17
BRH:14
end_of_record
TN:
SF:src\services\mission.service.ts
FN:8,(anonymous_0)
FN:12,(anonymous_1)
FN:16,(anonymous_2)
FN:20,(anonymous_3)
FN:28,(anonymous_4)
FN:33,(anonymous_5)
FNF:6
FNH:4
FNDA:6,(anonymous_0)
FNDA:0,(anonymous_1)
FNDA:1,(anonymous_2)
FNDA:2,(anonymous_3)
FNDA:0,(anonymous_4)
FNDA:1,(anonymous_5)
DA:9,6
DA:13,0
DA:17,1
DA:21,2
DA:22,2
DA:23,1
DA:25,1
DA:29,0
DA:30,0
DA:34,1
DA:35,1
LF:11
LH:8
BRDA:22,0,0,1
BRF:1
BRH:1
end_of_record
TN:
SF:src\services\organization.service.ts
FN:9,(anonymous_0)
FN:13,(anonymous_1)
FN:15,(anonymous_2)
FN:18,(anonymous_3)
FNF:4
FNH:4
FNDA:7,(anonymous_0)
FNDA:1,(anonymous_1)
FNDA:1,(anonymous_2)
FNDA:3,(anonymous_3)
DA:10,7
DA:14,1
DA:15,1
DA:19,3
DA:21,3
DA:22,1
DA:25,2
DA:26,0
DA:29,2
DA:30,2
DA:31,1
DA:34,1
DA:35,1
LF:13
LH:12
BRDA:21,0,0,1
BRDA:25,1,0,0
BRDA:30,2,0,1
BRF:3
BRH:2
end_of_record
TN:
SF:src\services\quiz.service.ts
FN:20,(anonymous_0)
FN:25,(anonymous_1)
FN:28,(anonymous_2)
FN:35,(anonymous_3)
FN:43,(anonymous_4)
FN:53,(anonymous_5)
FN:64,(anonymous_6)
FN:69,(anonymous_7)
FN:119,(anonymous_8)
FNF:9
FNH:8
FNDA:10,(anonymous_0)
FNDA:1,(anonymous_1)
FNDA:2,(anonymous_2)
FNDA:1,(anonymous_3)
FNDA:1,(anonymous_4)
FNDA:1,(anonymous_5)
FNDA:0,(anonymous_6)
FNDA:4,(anonymous_7)
FNDA:1,(anonymous_8)
DA:21,10
DA:22,10
DA:26,1
DA:27,1
DA:28,2
DA:36,1
DA:37,1
DA:38,0
DA:40,1
DA:44,1
DA:46,1
DA:47,1
DA:50,0
DA:54,1
DA:55,1
DA:57,1
DA:58,1
DA:61,0
DA:65,0
DA:66,0
DA:70,4
DA:72,4
DA:73,1
DA:76,3
DA:77,1
DA:80,2
DA:81,2
DA:83,2
DA:84,2
DA:86,2
DA:87,2
DA:88,2
DA:89,0
DA:90,0
DA:91,0
DA:92,0
DA:93,0
DA:94,0
DA:97,2
DA:98,2
DA:105,2
DA:106,1
DA:110,1
DA:111,1
DA:113,1
DA:125,1
LF:46
LH:35
BRDA:37,0,0,0
BRDA:44,1,0,1
BRDA:44,1,1,1
BRDA:46,2,0,1
BRDA:55,3,0,1
BRDA:55,3,1,1
BRDA:57,4,0,1
BRDA:72,5,0,1
BRDA:76,6,0,1
BRDA:86,7,0,2
BRDA:86,7,1,0
BRDA:89,8,0,0
BRDA:89,8,1,0
BRDA:92,9,0,0
BRDA:97,10,0,2
BRDA:97,11,0,2
BRDA:97,11,1,2
BRDA:105,12,0,1
BRDA:110,13,0,1
BRDA:110,13,1,0
BRF:20
BRH:14
end_of_record
TN:
SF:src\services\session.service.ts
FN:7,(anonymous_0)
FN:11,(anonymous_1)
FN:15,(anonymous_2)
FN:22,(anonymous_3)
FN:26,(anonymous_4)
FN:40,(anonymous_5)
FN:43,(anonymous_6)
FN:63,(anonymous_7)
FN:67,(anonymous_8)
FN:80,(anonymous_9)
FN:84,(anonymous_10)
FN:97,(anonymous_11)
FNF:12
FNH:10
FNDA:5,(anonymous_0)
FNDA:0,(anonymous_1)
FNDA:1,(anonymous_2)
FNDA:0,(anonymous_3)
FNDA:1,(anonymous_4)
FNDA:1,(anonymous_5)
FNDA:1,(anonymous_6)
FNDA:1,(anonymous_7)
FNDA:1,(anonymous_8)
FNDA:1,(anonymous_9)
FNDA:1,(anonymous_10)
FNDA:4,(anonymous_11)
DA:8,5
DA:12,0
DA:16,1
DA:23,0
DA:27,1
DA:28,1
DA:29,1
DA:31,1
DA:36,1
DA:37,1
DA:38,1
DA:40,1
DA:44,1
DA:46,1
DA:47,2
DA:48,2
DA:49,2
DA:50,2
DA:60,1
DA:67,1
DA:68,1
DA:70,1
DA:71,1
DA:72,1
DA:74,1
DA:75,1
DA:76,1
DA:84,1
DA:85,1
DA:87,1
DA:88,1
DA:89,1
DA:91,1
DA:92,1
DA:93,1
DA:98,4
DA:99,4
DA:100,4
LF:38
LH:36
BRDA:18,0,0,1
BRDA:18,0,1,0
BRDA:26,1,0,0
BRDA:68,2,0,0
BRDA:72,3,0,0
BRDA:74,4,0,1
BRDA:74,4,1,0
BRDA:85,5,0,0
BRDA:89,6,0,0
BRDA:91,7,0,1
BRDA:91,7,1,0
BRF:11
BRH:3
end_of_record
TN:
SF:src\services\user-mission.service.ts
FN:13,(anonymous_0)
FN:17,(anonymous_1)
FN:21,(anonymous_2)
FN:31,(anonymous_3)
FNF:4
FNH:3
FNDA:5,(anonymous_0)
FNDA:1,(anonymous_1)
FNDA:1,(anonymous_2)
FNDA:0,(anonymous_3)
DA:14,5
DA:18,1
DA:22,1
DA:28,1
DA:32,0
LF:5
LH:4
BRDA:25,0,0,1
BRDA:25,0,1,0
BRF:2
BRH:1
end_of_record
TN:
SF:src\services\user.service.ts
FN:9,(anonymous_0)
FN:13,(anonymous_1)
FN:17,(anonymous_2)
FN:22,(anonymous_3)
FN:26,(anonymous_4)
FN:42,(anonymous_5)
FN:51,(anonymous_6)
FN:56,(anonymous_7)
FN:62,(anonymous_8)
FN:70,(anonymous_9)
FNF:10
FNH:7
FNDA:9,(anonymous_0)
FNDA:0,(anonymous_1)
FNDA:1,(anonymous_2)
FNDA:0,(anonymous_3)
FNDA:2,(anonymous_4)
FNDA:1,(anonymous_5)
FNDA:1,(anonymous_6)
FNDA:0,(anonymous_7)
FNDA:5,(anonymous_8)
FNDA:1,(anonymous_9)
DA:10,9
DA:14,0
DA:18,1
DA:19,0
DA:23,0
DA:27,2
DA:29,2
DA:30,0
DA:33,2
DA:34,2
DA:35,1
DA:38,1
DA:39,1
DA:46,1
DA:47,1
DA:48,1
DA:52,1
DA:53,1
DA:57,0
DA:58,0
DA:59,0
DA:63,5
DA:64,5
DA:65,1
DA:67,4
DA:71,1
DA:72,1
LF:27
LH:20
BRDA:29,0,0,0
BRDA:34,1,0,1
BRDA:64,2,0,1
BRF:3
BRH:2
end_of_record
TN:
SF:src\utils\helpers.ts
FN:1,removeUndefinedFields
FN:3,(anonymous_1)
FN:11,parseId
FN:15,buildFilePath
FNF:4
FNH:4
FNDA:1,removeUndefinedFields
FNDA:4,(anonymous_1)
FNDA:6,parseId
FNDA:3,buildFilePath
DA:2,1
DA:3,1
DA:4,4
DA:5,1
DA:8,1
DA:12,6
DA:16,3
LF:7
LH:7
BRDA:4,0,0,1
BRF:1
BRH:1
end_of_record
TN:
SF:src\utils\response.ts
FN:6,(anonymous_0)
FN:22,(anonymous_1)
FN:36,(anonymous_2)
FN:40,(anonymous_3)
FN:44,(anonymous_4)
FN:51,(anonymous_5)
FN:55,(anonymous_6)
FNF:7
FNH:5
FNDA:10,(anonymous_0)
FNDA:3,(anonymous_1)
FNDA:5,(anonymous_2)
FNDA:0,(anonymous_3)
FNDA:2,(anonymous_4)
FNDA:1,(anonymous_5)
FNDA:0,(anonymous_6)
DA:12,10
DA:14,10
DA:19,10
DA:28,3
DA:33,3
DA:37,5
DA:41,0
DA:48,2
DA:52,1
DA:56,0
LF:10
LH:8
BRDA:10,0,0,5
BRDA:12,1,0,10
BRDA:12,1,1,0
BRDA:26,2,0,0
BRDA:46,3,0,0
BRDA:51,4,0,0
BRF:6
BRH:2
end_of_record
TN:
SF:src\utils\timezone.ts
FN:4,toJakartaTime
FN:20,convertDatesToJakarta
FN:28,(anonymous_2)
FN:54,isISODateString
FN:58,nowJakarta
FN:62,getJakartaDayRange
FN:70,(anonymous_6)
FN:84,getJakartaWeekRange
FN:108,getJakartaMonthRange
FN:115,(anonymous_9)
FN:131,formatDateIndonesia
FNF:11
FNH:9
FNDA:3,toJakartaTime
FNDA:13,convertDatesToJakarta
FNDA:0,(anonymous_2)
FNDA:1,isISODateString
FNDA:0,nowJakarta
FNDA:4,getJakartaDayRange
FNDA:20,(anonymous_6)
FNDA:1,getJakartaWeekRange
FNDA:1,getJakartaMonthRange
FNDA:3,(anonymous_9)
FNDA:1,formatDateIndonesia
DA:1,13
DA:2,13
DA:5,3
DA:7,3
DA:9,3
DA:21,13
DA:23,13
DA:24,0
DA:27,13
DA:28,5
DA:31,8
DA:32,8
DA:34,8
DA:35,12
DA:37,12
DA:38,1
DA:39,11
DA:40,1
DA:41,10
DA:42,2
DA:44,8
DA:48,8
DA:51,0
DA:55,1
DA:59,0
DA:63,4
DA:71,20
DA:72,20
DA:75,4
DA:76,4
DA:77,4
DA:79,4
DA:80,4
DA:81,4
DA:85,1
DA:87,1
DA:92,1
DA:102,1
DA:103,1
DA:104,1
DA:105,1
DA:109,1
DA:116,3
DA:117,3
DA:120,1
DA:121,1
DA:123,1
DA:125,1
DA:126,1
DA:127,1
DA:128,1
DA:132,1
DA:134,1
DA:136,1
LF:54
LH:51
BRDA:5,0,0,0
BRDA:7,1,0,2
BRDA:7,1,1,1
BRDA:21,2,0,0
BRDA:21,3,0,13
BRDA:21,3,1,13
BRDA:23,4,0,0
BRDA:27,5,0,5
BRDA:31,6,0,8
BRDA:37,7,0,1
BRDA:37,7,1,11
BRDA:37,8,0,12
BRDA:37,8,1,2
BRDA:39,9,0,1
BRDA:39,9,1,10
BRDA:39,10,0,11
BRDA:39,10,1,1
BRDA:39,10,2,1
BRDA:41,11,0,2
BRDA:41,11,1,8
BRDA:41,12,0,10
BRDA:41,12,1,2
BRDA:62,13,0,0
BRDA:71,14,0,12
BRDA:84,15,0,0
BRDA:102,16,0,1
BRDA:102,16,1,0
BRDA:108,17,0,0
BRDA:116,18,0,2
BRDA:125,19,0,0
BRDA:125,19,1,1
BRDA:126,20,0,0
BRDA:126,20,1,1
BRDA:132,21,0,0
BRDA:134,22,0,1
BRDA:134,22,1,0
BRF:36
BRH:25
end_of_record
